#
# There is insufficient memory for the Java Runtime Environment to continue.
# Native memory allocation (malloc) failed to allocate 995096 bytes. Error detail: Chunk::new
# Possible reasons:
#   The system is out of physical RAM or swap space
#   This process is running with CompressedOops enabled, and the Java Heap may be blocking the growth of the native heap
# Possible solutions:
#   Reduce memory load on the system
#   Increase physical memory or swap space
#   Check if swap backing store is full
#   Decrease Java heap size (-Xmx/-Xms)
#   Decrease number of Java threads
#   Decrease Java thread stack sizes (-Xss)
#   Set larger code cache with -XX:ReservedCodeCacheSize=
#   JVM is running with Unscaled Compressed Oops mode in which the Java heap is
#     placed in the first 4GB address space. The Java Heap base address is the
#     maximum limit for the native heap growth. Please use -XX:HeapBaseMinAddress
#     to set the Java Heap base and to place the Java Heap above 4GB virtual address.
# This output file may be truncated or incomplete.
#
#  Out of Memory Error (arena.cpp:186), pid=21944, tid=13976
#
# JRE version: OpenJDK Runtime Environment Temurin-25.0.2+10 (25.0.2+10) (build 25.0.2+10-LTS)
# Java VM: OpenJDK 64-Bit Server VM Temurin-25.0.2+10 (25.0.2+10-LTS, mixed mode, sharing, tiered, compressed oops, compressed class ptrs, g1 gc, windows-amd64)
# No core dump will be written. Minidumps are not enabled by default on client versions of Windows
#

---------------  S U M M A R Y ------------

Command Line: --enable-native-access=ALL-UNNAMED -Dclassworlds.conf=C:\Program Files\Apache NetBeans\java\maven\bin\m2.conf -Dmaven.home=C:\Program Files\Apache NetBeans\java\maven -Dlibrary.jansi.path=C:\Program Files\Apache NetBeans\java\maven\lib\jansi-native -Dmaven.multiModuleProjectDirectory=C:\Users\HLELOLWENKOSI\Documents\NetBeansProjects\mavenproject1 org.codehaus.plexus.classworlds.launcher.Launcher -Dexec.vmArgs= -Dexec.args=${exec.vmArgs} -classpath %classpath ${exec.mainClass} ${exec.appArgs} -Dexec.appArgs= -Dexec.mainClass=com.mycompany.mavenproject1.Mavenproject1 -Dexec.executable=C:\Program Files\Apache NetBeans\jdk\bin\java.exe -Dmaven.ext.class.path=C:\Program Files\Apache NetBeans\java\maven-nblib\netbeans-eventspy.jar --no-transfer-progress process-classes org.codehaus.mojo:exec-maven-plugin:3.5.1:exec

Host: Intel(R) Celeron(R) N4020 CPU @ 1.10GHz, 2 cores, 3G,  Windows 11 , 64 bit Build 26100 (10.0.26100.8328)
Time: Sun May 17 14:45:20 2026 South Africa Standard Time elapsed time: 45.144700 seconds (0d 0h 0m 45s)

---------------  T H R E A D  ---------------

Current thread (0x0000018ff57cb170):  JavaThread "C2 CompilerThread0" daemon [_thread_in_native, id=13976, stack(0x0000002ab8000000,0x0000002ab8100000) (1024K)]


Current CompileTask:
C2:45145 1769       4       java.util.Comparator$$Lambda/0x0000000011023b50::compare (16 bytes)

Stack: [0x0000002ab8000000,0x0000002ab8100000]
Native frames: (J=compiled Java code, j=interpreted, Vv=VM code, C=native code)
V  [jvm.dll+0x7a8bc9]  (no source info available)
V  [jvm.dll+0x77310d]  (no source info available)
V  [jvm.dll+0x9f55f3]  (no source info available)
V  [jvm.dll+0x9f7be1]  (no source info available)
V  [jvm.dll+0x9f82f3]  (no source info available)
V  [jvm.dll+0x2fce26]  (no source info available)
V  [jvm.dll+0x111076]  (no source info available)
V  [jvm.dll+0x11139e]  (no source info available)
V  [jvm.dll+0x19fff2]  (no source info available)
V  [jvm.dll+0x3b5f62]  (no source info available)
V  [jvm.dll+0x7ae53c]  (no source info available)
V  [jvm.dll+0x2c0407]  (no source info available)
V  [jvm.dll+0x2bf3cf]  (no source info available)
V  [jvm.dll+0x237140]  (no source info available)
V  [jvm.dll+0x2cf4c6]  (no source info available)
V  [jvm.dll+0x2cd74a]  (no source info available)
V  [jvm.dll+0x48fbee]  (no source info available)
V  [jvm.dll+0x996b0d]  (no source info available)
V  [jvm.dll+0x7a71a5]  (no source info available)
C  [ucrtbase.dll+0x37b0]  (no source info available)
C  [KERNEL32.DLL+0x2e957]  (no source info available)
C  [ntdll.dll+0x427c]  (no source info available)

Lock stack of current Java thread (top to bottom):


---------------  P R O C E S S  ---------------

Threads class SMR info:
_java_thread_list=0x0000018ff5b435a0, length=11, elements={
0x0000018fd87859e0, 0x0000018ff57bee00, 0x0000018ff57c1ca0, 0x0000018ff57c5550,
0x0000018ff57c7120, 0x0000018ff57c96c0, 0x0000018ff57ca280, 0x0000018ff57cb170,
0x0000018ff580f760, 0x0000018ff5900a20, 0x0000018ff5905470
}

Java Threads: ( => current thread )
  0x0000018fd87859e0 JavaThread "main"                              [_thread_in_native, id=20316, stack(0x0000002ab7200000,0x0000002ab7300000) (1024K)]
  0x0000018ff57bee00 JavaThread "Reference Handler"          daemon [_thread_blocked, id=15000, stack(0x0000002ab7a00000,0x0000002ab7b00000) (1024K)]
  0x0000018ff57c1ca0 JavaThread "Finalizer"                  daemon [_thread_blocked, id=22204, stack(0x0000002ab7b00000,0x0000002ab7c00000) (1024K)]
  0x0000018ff57c5550 JavaThread "Signal Dispatcher"          daemon [_thread_blocked, id=21732, stack(0x0000002ab7c00000,0x0000002ab7d00000) (1024K)]
  0x0000018ff57c7120 JavaThread "Attach Listener"            daemon [_thread_blocked, id=3976, stack(0x0000002ab7d00000,0x0000002ab7e00000) (1024K)]
  0x0000018ff57c96c0 JavaThread "Service Thread"             daemon [_thread_blocked, id=20516, stack(0x0000002ab7e00000,0x0000002ab7f00000) (1024K)]
  0x0000018ff57ca280 JavaThread "Monitor Deflation Thread"   daemon [_thread_blocked, id=10120, stack(0x0000002ab7f00000,0x0000002ab8000000) (1024K)]
=>0x0000018ff57cb170 JavaThread "C2 CompilerThread0"         daemon [_thread_in_native, id=13976, stack(0x0000002ab8000000,0x0000002ab8100000) (1024K)]
  0x0000018ff580f760 JavaThread "C1 CompilerThread0"         daemon [_thread_blocked, id=10324, stack(0x0000002ab8100000,0x0000002ab8200000) (1024K)]
  0x0000018ff5900a20 JavaThread "Notification Thread"        daemon [_thread_blocked, id=21212, stack(0x0000002ab8200000,0x0000002ab8300000) (1024K)]
  0x0000018ff5905470 JavaThread "Common-Cleaner"             daemon [_thread_blocked, id=19524, stack(0x0000002ab8300000,0x0000002ab8400000) (1024K)]
Total: 11

Other Threads:
  0x0000018ff57a6410 VMThread "VM Thread"                           [id=19020, stack(0x0000002ab7900000,0x0000002ab7a00000) (1024K)]
  0x0000018fdac96a20 WatcherThread "VM Periodic Task Thread"        [id=13732, stack(0x0000002ab7800000,0x0000002ab7900000) (1024K)]
  0x0000018fdac5dcc0 WorkerThread "GC Thread#0"                     [id=18492, stack(0x0000002ab7300000,0x0000002ab7400000) (1024K)]
  0x0000018ff5989da0 WorkerThread "GC Thread#1"                     [id=21288, stack(0x0000002ab8400000,0x0000002ab8500000) (1024K)]
  0x0000018fdac69d10 ConcurrentGCThread "G1 Main Marker"            [id=17428, stack(0x0000002ab7400000,0x0000002ab7500000) (1024K)]
  0x0000018fdac6e670 WorkerThread "G1 Conc#0"                       [id=14404, stack(0x0000002ab7500000,0x0000002ab7600000) (1024K)]
  0x0000018fdac88480 ConcurrentGCThread "G1 Refine#0"               [id=16132, stack(0x0000002ab7600000,0x0000002ab7700000) (1024K)]
  0x0000018fdac89ea0 ConcurrentGCThread "G1 Service"                [id=21604, stack(0x0000002ab7700000,0x0000002ab7800000) (1024K)]
Total: 8

Threads with active compile tasks:
C2 CompilerThread0  45906 1769       4       java.util.Comparator$$Lambda/0x0000000011023b50::compare (16 bytes)
Total: 1

VM state: not at safepoint (normal execution)

VM Mutex/Monitor currently owned by a thread: None

Heap address: 0x00000000c5800000, size: 936 MB, Compressed Oops mode: 32-bit

CDS archive(s) mapped at: [0x0000000010000000-0x0000000010dd0000-0x0000000010dd0000), size 14483456, SharedBaseAddress: 0x0000000010000000, ArchiveRelocationMode: 1.
Compressed class space mapped at: 0x0000000011000000-0x0000000051000000, reserved size: 1073741824
UseCompressedClassPointers 1, UseCompactObjectHeaders 0
Narrow klass pointer bits 32, Max shift 3
Narrow klass base: 0x0000000010000000, Narrow klass shift: 0
Encoding Range: [0x0000000010000000 - 0x0000000110000000), (4294967296 bytes)
Klass Range:    [0x0000000010010000 - 0x0000000051000000), (1090453504 bytes)
Klass ID Range:  [65536 - 1090519033) (1090453497)
Protection zone: [0x0000000010000000 - 0x0000000010010000), (65536 bytes)

GC Precious Log:
 CardTable entry size: 512
 Card Set container configuration: InlinePtr #cards 5 size 8 Array Of Cards #cards 10 size 36 Howl #buckets 4 coarsen threshold 1843 Howl Bitmap #cards 512 size 80 coarsen threshold 460 Card regions per heap region 1 cards per card region 2048
 CPUs: 2 total, 2 available
 Memory: 3737M
 Large Page Support: Disabled
 NUMA Support: Disabled
 Compressed Oops: Enabled (32-bit)
 Heap Region Size: 1M
 Heap Min Capacity: 8M
 Heap Initial Capacity: 60M
 Heap Max Capacity: 936M
 Pre-touch: Disabled
 Parallel Workers: 2
 Concurrent Workers: 1
 Concurrent Refinement Workers: 2
 Periodic GC: Disabled

Heap:
 garbage-first heap   total reserved 958464K, committed 63488K, used 10304K [0x00000000c5800000, 0x0000000100000000)
  region size 1024K, 10 young (10240K), 4 survivors (4096K)

Heap Regions: E=young(eden), S=young(survivor), O=old, HS=humongous(starts), HC=humongous(continues), CS=collection set, F=free, TAMS=top-at-mark-start, PB=parsable bottom
|   0|0x00000000c5800000, 0x00000000c5896c40, 0x00000000c5900000| 58%| O|  |TAMS 0x00000000c5800000| PB 0x00000000c5800000| Untracked |  0
|   1|0x00000000c5900000, 0x00000000c5900000, 0x00000000c5a00000|  0%| F|  |TAMS 0x00000000c5900000| PB 0x00000000c5900000| Untracked |  0
|   2|0x00000000c5a00000, 0x00000000c5a00000, 0x00000000c5b00000|  0%| F|  |TAMS 0x00000000c5a00000| PB 0x00000000c5a00000| Untracked |  0
|   3|0x00000000c5b00000, 0x00000000c5b00000, 0x00000000c5c00000|  0%| F|  |TAMS 0x00000000c5b00000| PB 0x00000000c5b00000| Untracked |  0
|   4|0x00000000c5c00000, 0x00000000c5c00000, 0x00000000c5d00000|  0%| F|  |TAMS 0x00000000c5c00000| PB 0x00000000c5c00000| Untracked |  0
|   5|0x00000000c5d00000, 0x00000000c5d00000, 0x00000000c5e00000|  0%| F|  |TAMS 0x00000000c5d00000| PB 0x00000000c5d00000| Untracked |  0
|   6|0x00000000c5e00000, 0x00000000c5e00000, 0x00000000c5f00000|  0%| F|  |TAMS 0x00000000c5e00000| PB 0x00000000c5e00000| Untracked |  0
|   7|0x00000000c5f00000, 0x00000000c5f00000, 0x00000000c6000000|  0%| F|  |TAMS 0x00000000c5f00000| PB 0x00000000c5f00000| Untracked |  0
|   8|0x00000000c6000000, 0x00000000c6000000, 0x00000000c6100000|  0%| F|  |TAMS 0x00000000c6000000| PB 0x00000000c6000000| Untracked |  0
|   9|0x00000000c6100000, 0x00000000c6100000, 0x00000000c6200000|  0%| F|  |TAMS 0x00000000c6100000| PB 0x00000000c6100000| Untracked |  0
|  10|0x00000000c6200000, 0x00000000c6200000, 0x00000000c6300000|  0%| F|  |TAMS 0x00000000c6200000| PB 0x00000000c6200000| Untracked |  0
|  11|0x00000000c6300000, 0x00000000c6300000, 0x00000000c6400000|  0%| F|  |TAMS 0x00000000c6300000| PB 0x00000000c6300000| Untracked |  0
|  12|0x00000000c6400000, 0x00000000c6400000, 0x00000000c6500000|  0%| F|  |TAMS 0x00000000c6400000| PB 0x00000000c6400000| Untracked |  0
|  13|0x00000000c6500000, 0x00000000c6500000, 0x00000000c6600000|  0%| F|  |TAMS 0x00000000c6500000| PB 0x00000000c6500000| Untracked |  0
|  14|0x00000000c6600000, 0x00000000c6600000, 0x00000000c6700000|  0%| F|  |TAMS 0x00000000c6600000| PB 0x00000000c6600000| Untracked |  0
|  15|0x00000000c6700000, 0x00000000c6700000, 0x00000000c6800000|  0%| F|  |TAMS 0x00000000c6700000| PB 0x00000000c6700000| Untracked |  0
|  16|0x00000000c6800000, 0x00000000c6800000, 0x00000000c6900000|  0%| F|  |TAMS 0x00000000c6800000| PB 0x00000000c6800000| Untracked |  0
|  17|0x00000000c6900000, 0x00000000c6900000, 0x00000000c6a00000|  0%| F|  |TAMS 0x00000000c6900000| PB 0x00000000c6900000| Untracked |  0
|  18|0x00000000c6a00000, 0x00000000c6a00000, 0x00000000c6b00000|  0%| F|  |TAMS 0x00000000c6a00000| PB 0x00000000c6a00000| Untracked |  0
|  19|0x00000000c6b00000, 0x00000000c6b00000, 0x00000000c6c00000|  0%| F|  |TAMS 0x00000000c6b00000| PB 0x00000000c6b00000| Untracked |  0
|  20|0x00000000c6c00000, 0x00000000c6c00000, 0x00000000c6d00000|  0%| F|  |TAMS 0x00000000c6c00000| PB 0x00000000c6c00000| Untracked |  0
|  21|0x00000000c6d00000, 0x00000000c6d00000, 0x00000000c6e00000|  0%| F|  |TAMS 0x00000000c6d00000| PB 0x00000000c6d00000| Untracked |  0
|  22|0x00000000c6e00000, 0x00000000c6e00000, 0x00000000c6f00000|  0%| F|  |TAMS 0x00000000c6e00000| PB 0x00000000c6e00000| Untracked |  0
|  23|0x00000000c6f00000, 0x00000000c6f00000, 0x00000000c7000000|  0%| F|  |TAMS 0x00000000c6f00000| PB 0x00000000c6f00000| Untracked |  0
|  24|0x00000000c7000000, 0x00000000c7000000, 0x00000000c7100000|  0%| F|  |TAMS 0x00000000c7000000| PB 0x00000000c7000000| Untracked |  0
|  25|0x00000000c7100000, 0x00000000c7100000, 0x00000000c7200000|  0%| F|  |TAMS 0x00000000c7100000| PB 0x00000000c7100000| Untracked |  0
|  26|0x00000000c7200000, 0x00000000c7200000, 0x00000000c7300000|  0%| F|  |TAMS 0x00000000c7200000| PB 0x00000000c7200000| Untracked |  0
|  27|0x00000000c7300000, 0x00000000c7300000, 0x00000000c7400000|  0%| F|  |TAMS 0x00000000c7300000| PB 0x00000000c7300000| Untracked |  0
|  28|0x00000000c7400000, 0x00000000c7400000, 0x00000000c7500000|  0%| F|  |TAMS 0x00000000c7400000| PB 0x00000000c7400000| Untracked |  0
|  29|0x00000000c7500000, 0x00000000c7500000, 0x00000000c7600000|  0%| F|  |TAMS 0x00000000c7500000| PB 0x00000000c7500000| Untracked |  0
|  30|0x00000000c7600000, 0x00000000c76547a0, 0x00000000c7700000| 32%| S|CS|TAMS 0x00000000c7600000| PB 0x00000000c7600000| Complete |  0
|  31|0x00000000c7700000, 0x00000000c7800000, 0x00000000c7800000|100%| S|CS|TAMS 0x00000000c7700000| PB 0x00000000c7700000| Complete |  0
|  32|0x00000000c7800000, 0x00000000c7900000, 0x00000000c7900000|100%| S|CS|TAMS 0x00000000c7800000| PB 0x00000000c7800000| Complete |  0
|  33|0x00000000c7900000, 0x00000000c7a00000, 0x00000000c7a00000|100%| S|CS|TAMS 0x00000000c7900000| PB 0x00000000c7900000| Complete |  0
|  34|0x00000000c7a00000, 0x00000000c7a00000, 0x00000000c7b00000|  0%| F|  |TAMS 0x00000000c7a00000| PB 0x00000000c7a00000| Untracked |  0
|  35|0x00000000c7b00000, 0x00000000c7b00000, 0x00000000c7c00000|  0%| F|  |TAMS 0x00000000c7b00000| PB 0x00000000c7b00000| Untracked |  0
|  36|0x00000000c7c00000, 0x00000000c7c00000, 0x00000000c7d00000|  0%| F|  |TAMS 0x00000000c7c00000| PB 0x00000000c7c00000| Untracked |  0
|  37|0x00000000c7d00000, 0x00000000c7d00000, 0x00000000c7e00000|  0%| F|  |TAMS 0x00000000c7d00000| PB 0x00000000c7d00000| Untracked |  0
|  38|0x00000000c7e00000, 0x00000000c7e00000, 0x00000000c7f00000|  0%| F|  |TAMS 0x00000000c7e00000| PB 0x00000000c7e00000| Untracked |  0
|  39|0x00000000c7f00000, 0x00000000c7f00000, 0x00000000c8000000|  0%| F|  |TAMS 0x00000000c7f00000| PB 0x00000000c7f00000| Untracked |  0
|  40|0x00000000c8000000, 0x00000000c8000000, 0x00000000c8100000|  0%| F|  |TAMS 0x00000000c8000000| PB 0x00000000c8000000| Untracked |  0
|  41|0x00000000c8100000, 0x00000000c8100000, 0x00000000c8200000|  0%| F|  |TAMS 0x00000000c8100000| PB 0x00000000c8100000| Untracked |  0
|  42|0x00000000c8200000, 0x00000000c8200000, 0x00000000c8300000|  0%| F|  |TAMS 0x00000000c8200000| PB 0x00000000c8200000| Untracked |  0
|  43|0x00000000c8300000, 0x00000000c8300000, 0x00000000c8400000|  0%| F|  |TAMS 0x00000000c8300000| PB 0x00000000c8300000| Untracked |  0
|  44|0x00000000c8400000, 0x00000000c8400000, 0x00000000c8500000|  0%| F|  |TAMS 0x00000000c8400000| PB 0x00000000c8400000| Untracked |  0
|  45|0x00000000c8500000, 0x00000000c8500000, 0x00000000c8600000|  0%| F|  |TAMS 0x00000000c8500000| PB 0x00000000c8500000| Untracked |  0
|  46|0x00000000c8600000, 0x00000000c8600000, 0x00000000c8700000|  0%| F|  |TAMS 0x00000000c8600000| PB 0x00000000c8600000| Untracked |  0
|  47|0x00000000c8700000, 0x00000000c8700000, 0x00000000c8800000|  0%| F|  |TAMS 0x00000000c8700000| PB 0x00000000c8700000| Untracked |  0
|  48|0x00000000c8800000, 0x00000000c8800000, 0x00000000c8900000|  0%| F|  |TAMS 0x00000000c8800000| PB 0x00000000c8800000| Untracked |  0
|  49|0x00000000c8900000, 0x00000000c8900000, 0x00000000c8a00000|  0%| F|  |TAMS 0x00000000c8900000| PB 0x00000000c8900000| Untracked |  0
|  50|0x00000000c8a00000, 0x00000000c8a00000, 0x00000000c8b00000|  0%| F|  |TAMS 0x00000000c8a00000| PB 0x00000000c8a00000| Untracked |  0
|  51|0x00000000c8b00000, 0x00000000c8b00000, 0x00000000c8c00000|  0%| F|  |TAMS 0x00000000c8b00000| PB 0x00000000c8b00000| Untracked |  0
|  52|0x00000000c8c00000, 0x00000000c8c00000, 0x00000000c8d00000|  0%| F|  |TAMS 0x00000000c8c00000| PB 0x00000000c8c00000| Untracked |  0
|  53|0x00000000c8d00000, 0x00000000c8d00000, 0x00000000c8e00000|  0%| F|  |TAMS 0x00000000c8d00000| PB 0x00000000c8d00000| Untracked |  0
|  54|0x00000000c8e00000, 0x00000000c8e6d7e8, 0x00000000c8f00000| 42%| E|  |TAMS 0x00000000c8e00000| PB 0x00000000c8e00000| Complete |  0
|  55|0x00000000c8f00000, 0x00000000c9000000, 0x00000000c9000000|100%| E|CS|TAMS 0x00000000c8f00000| PB 0x00000000c8f00000| Complete |  0
|  56|0x00000000c9000000, 0x00000000c9100000, 0x00000000c9100000|100%| E|CS|TAMS 0x00000000c9000000| PB 0x00000000c9000000| Complete |  0
|  57|0x00000000c9100000, 0x00000000c9200000, 0x00000000c9200000|100%| E|CS|TAMS 0x00000000c9100000| PB 0x00000000c9100000| Complete |  0
|  58|0x00000000c9200000, 0x00000000c9300000, 0x00000000c9300000|100%| E|CS|TAMS 0x00000000c9200000| PB 0x00000000c9200000| Complete |  0
|  59|0x00000000c9300000, 0x00000000c9400000, 0x00000000c9400000|100%| E|CS|TAMS 0x00000000c9300000| PB 0x00000000c9300000| Complete |  0
| 934|0x00000000ffe00000, 0x00000000fff00000, 0x00000000fff00000|100%| O|  |TAMS 0x00000000ffe00000| PB 0x00000000ffe00000| Untracked |  0
| 935|0x00000000fff00000, 0x00000000fff24ea8, 0x0000000100000000| 14%| O|  |TAMS 0x00000000fff00000| PB 0x00000000fff00000| Untracked |  0

Card table byte_map: [0x0000018fda8d0000,0x0000018fdaab0000] _byte_map_base: 0x0000018fda2a4000

Marking Bits: (CMBitMap*) 0x0000018fdac5e450
 Bits: [0x0000018ff2710000, 0x0000018ff35b0000)

Polling page: 0x0000018fd8960000

Metaspace:
Metaspace        used 8529K, committed 8704K, reserved 1114112K
 class space     used 1035K, committed 1152K, reserved 1048576K

Usage:
  Non-class:      7.32 MB used.
      Class:      1.01 MB used.
       Both:      8.33 MB used.

Virtual space:
  Non-class space:       64.00 MB reserved,       7.38 MB ( 12%) committed,  1 nodes.
      Class space:        1.00 GB reserved,       1.12 MB ( <1%) committed,  1 nodes.
             Both:        1.06 GB reserved,       8.50 MB ( <1%) committed. 

Chunk freelists:
   Non-Class:  6.95 MB
       Class:  14.92 MB
        Both:  21.87 MB

MaxMetaspaceSize: unlimited
CompressedClassSpaceSize: 1.00 GB
Initial GC threshold: 21.00 MB
Current GC threshold: 21.00 MB
CDS: on
 - commit_granule_bytes: 65536.
 - commit_granule_words: 8192.
 - virtual_space_node_default_size: 8388608.
 - enlarge_chunks_in_place: 1.
UseCompressedClassPointers 1, UseCompactObjectHeaders 0
Narrow klass pointer bits 32, Max shift 3
Narrow klass base: 0x0000000010000000, Narrow klass shift: 0
Encoding Range: [0x0000000010000000 - 0x0000000110000000), (4294967296 bytes)
Klass Range:    [0x0000000010010000 - 0x0000000051000000), (1090453504 bytes)
Klass ID Range:  [65536 - 1090519033) (1090453497)
Protection zone: [0x0000000010000000 - 0x0000000010010000), (65536 bytes)


Internal statistics:

num_allocs_failed_limit: 0.
num_arena_births: 60.
num_arena_deaths: 0.
num_vsnodes_births: 2.
num_vsnodes_deaths: 0.
num_space_committed: 136.
num_space_uncommitted: 0.
num_chunks_returned_to_freelist: 0.
num_chunks_taken_from_freelist: 328.
num_chunk_merges: 0.
num_chunk_splits: 225.
num_chunks_enlarged: 190.
num_inconsistent_stats: 0.

CodeHeap 'non-profiled nmethods': size=120128Kb used=542Kb max_used=542Kb free=119585Kb
 bounds [0x0000018feb1c0000, 0x0000018feb430000, 0x0000018ff2710000]
CodeHeap 'profiled nmethods': size=120000Kb used=2824Kb max_used=2824Kb free=117175Kb
 bounds [0x0000018fe3710000, 0x0000018fe39e0000, 0x0000018feac40000]
CodeHeap 'non-nmethods': size=5632Kb used=1357Kb max_used=1388Kb free=4274Kb
 bounds [0x0000018feac40000, 0x0000018feaeb0000, 0x0000018feb1c0000]
CodeCache: size=245760Kb, used=4723Kb, max_used=4754Kb, free=241034Kb
 total_blobs=2315, nmethods=1830, adapters=388, full_count=0
Compilation: enabled, stopped_count=0, restarted_count=0

Compilation events (20 events):
Event: 40.484 Thread 0x0000018ff580f760 nmethod 1760 0x0000018fe39a8f08 code [0x0000018fe39a9000, 0x0000018fe39a9188]
Event: 40.485 Thread 0x0000018ff580f760 1761       3       jdk.internal.classfile.impl.AbstractAttributeMapper::writeAttribute (48 bytes)
Event: 40.486 Thread 0x0000018ff580f760 nmethod 1761 0x0000018fe39a9208 code [0x0000018fe39a9300, 0x0000018fe39a9e70]
Event: 40.486 Thread 0x0000018ff580f760 1762       3       jdk.internal.classfile.impl.BufWriterImpl::writeIndexOrZero (10 bytes)
Event: 40.486 Thread 0x0000018ff580f760 nmethod 1762 0x0000018fe39a9e88 code [0x0000018fe39a9f80, 0x0000018fe39aa5f8]
Event: 40.487 Thread 0x0000018ff580f760 1763       3       jdk.internal.classfile.impl.RawBytecodeHelper::getIndexU1 (11 bytes)
Event: 40.487 Thread 0x0000018ff580f760 nmethod 1763 0x0000018fe39aa608 code [0x0000018fe39aa700, 0x0000018fe39aa978]
Event: 40.487 Thread 0x0000018ff580f760 1764       3       jdk.internal.classfile.impl.StackCounter::<init> (2420 bytes)
Event: 40.505 Thread 0x0000018ff580f760 nmethod 1764 0x0000018fe39aa988 code [0x0000018fe39aaa80, 0x0000018fe39b7820]
Event: 40.510 Thread 0x0000018ff580f760 1765       3       java.lang.invoke.MemberName::getInvocationType (56 bytes)
Event: 40.511 Thread 0x0000018ff580f760 nmethod 1765 0x0000018fe39b7888 code [0x0000018fe39b7980, 0x0000018fe39b84f0]
Event: 40.513 Thread 0x0000018ff580f760 1766       3       java.lang.Class::getEnclosingClass (46 bytes)
Event: 40.513 Thread 0x0000018ff580f760 nmethod 1766 0x0000018fe39b8508 code [0x0000018fe39b8600, 0x0000018fe39b8a38]
Event: 40.514 Thread 0x0000018ff580f760 1767   !   3       org.eclipse.sisu.space.URLClassSpace::loadClass (31 bytes)
Event: 40.514 Thread 0x0000018ff580f760 nmethod 1767 0x0000018fe39b8a88 code [0x0000018fe39b8b80, 0x0000018fe39b8f60]
Event: 40.577 Thread 0x0000018ff57cb170 1768       4       java.lang.CharacterDataLatin1::equalsIgnoreCase (63 bytes)
Event: 40.578 Thread 0x0000018ff57cb170 nmethod 1768 0x0000018feb246288 code [0x0000018feb246380, 0x0000018feb246428]
Event: 40.589 Thread 0x0000018ff57cb170 1769       4       java.util.Comparator$$Lambda/0x0000000011023b50::compare (16 bytes)
Event: 40.601 Thread 0x0000018ff580f760 1770       3       java.lang.Class::privateGetDeclaredFields (56 bytes)
Event: 40.602 Thread 0x0000018ff580f760 nmethod 1770 0x0000018fe39b8f88 code [0x0000018fe39b9080, 0x0000018fe39b9750]

GC Heap Usage History (4 events):
Event: 18.211 {heap Before GC invocations=0 (full 0):
 garbage-first heap   total reserved 958464K, committed 63488K, used 14483K [0x00000000c5800000, 0x0000000100000000)
  region size 1024K, 14 young (14336K), 0 survivors (0K)
}
Event: 18.763 {heap After GC invocations=1 (full 0):
 garbage-first heap   total reserved 958464K, committed 63488K, used 3822K [0x00000000c5800000, 0x0000000100000000)
  region size 1024K, 2 young (2048K), 2 survivors (2048K)
}
Event: 39.177 {heap Before GC invocations=1 (full 0):
 garbage-first heap   total reserved 958464K, committed 63488K, used 28398K [0x00000000c5800000, 0x0000000100000000)
  region size 1024K, 26 young (26624K), 2 survivors (2048K)
}
Event: 39.198 {heap After GC invocations=2 (full 0):
 garbage-first heap   total reserved 958464K, committed 63488K, used 5184K [0x00000000c5800000, 0x0000000100000000)
  region size 1024K, 4 young (4096K), 4 survivors (4096K)
}

Metaspace Usage History (4 events):
Event: 18.211 {metaspace Before GC invocations=0 (full 0):
 Metaspace       used 4340K, committed 4544K, reserved 1114112K
  class space    used 484K, committed 576K, reserved 1048576K
}
Event: 18.763 {metaspace After GC invocations=1 (full 0):
 Metaspace       used 4340K, committed 4544K, reserved 1114112K
  class space    used 484K, committed 576K, reserved 1048576K
}
Event: 39.178 {metaspace Before GC invocations=1 (full 0):
 Metaspace       used 7174K, committed 7360K, reserved 1114112K
  class space    used 870K, committed 960K, reserved 1048576K
}
Event: 39.198 {metaspace After GC invocations=2 (full 0):
 Metaspace       used 7174K, committed 7360K, reserved 1114112K
  class space    used 870K, committed 960K, reserved 1048576K
}

Dll operation events (7 events):
Event: 0.148 Loaded shared library C:\Program Files\Apache NetBeans\jdk\bin\java.dll
Event: 4.548 Loaded shared library C:\Program Files\Apache NetBeans\jdk\bin\net.dll
Event: 4.586 Loaded shared library C:\Program Files\Apache NetBeans\jdk\bin\nio.dll
Event: 4.603 Loaded shared library C:\Program Files\Apache NetBeans\jdk\bin\zip.dll
Event: 6.825 Loaded shared library C:\Program Files\Apache NetBeans\java\maven\lib\jansi-native\Windows\x86_64\jansi.dll
Event: 6.864 Loaded shared library C:\Program Files\Apache NetBeans\jdk\bin\verify.dll
Event: 7.009 Loaded shared library C:\Program Files\Apache NetBeans\jdk\bin\jimage.dll

Deoptimization events (20 events):
Event: 33.266 Thread 0x0000018fd87859e0 Uncommon trap: trap_request=0xffffffde fr.pc=0x0000018feb231df8 relative=0x00000000000000f8
Event: 33.266 Thread 0x0000018fd87859e0 Uncommon trap: reason=class_check action=maybe_recompile pc=0x0000018feb231df8 method=jdk.internal.misc.Unsafe.allocateUninitializedArray(Ljava/lang/Class;I)Ljava/lang/Object; @ 51 c2
Event: 33.266 Thread 0x0000018fd87859e0 DEOPT PACKING pc=0x0000018feb231df8 sp=0x0000002ab72fdab0
Event: 33.266 Thread 0x0000018fd87859e0 DEOPT UNPACKING pc=0x0000018feacc857c sp=0x0000002ab72fda28 mode 2
Event: 33.268 Thread 0x0000018fd87859e0 Uncommon trap: trap_request=0xffffffde fr.pc=0x0000018feb231df8 relative=0x00000000000000f8
Event: 33.268 Thread 0x0000018fd87859e0 Uncommon trap: reason=class_check action=maybe_recompile pc=0x0000018feb231df8 method=jdk.internal.misc.Unsafe.allocateUninitializedArray(Ljava/lang/Class;I)Ljava/lang/Object; @ 51 c2
Event: 33.268 Thread 0x0000018fd87859e0 DEOPT PACKING pc=0x0000018feb231df8 sp=0x0000002ab72fde90
Event: 33.268 Thread 0x0000018fd87859e0 DEOPT UNPACKING pc=0x0000018feacc857c sp=0x0000002ab72fde08 mode 2
Event: 33.268 Thread 0x0000018fd87859e0 Uncommon trap: trap_request=0xffffffde fr.pc=0x0000018feb231df8 relative=0x00000000000000f8
Event: 33.268 Thread 0x0000018fd87859e0 Uncommon trap: reason=class_check action=maybe_recompile pc=0x0000018feb231df8 method=jdk.internal.misc.Unsafe.allocateUninitializedArray(Ljava/lang/Class;I)Ljava/lang/Object; @ 51 c2
Event: 33.268 Thread 0x0000018fd87859e0 DEOPT PACKING pc=0x0000018feb231df8 sp=0x0000002ab72fdcb0
Event: 33.268 Thread 0x0000018fd87859e0 DEOPT UNPACKING pc=0x0000018feacc857c sp=0x0000002ab72fdc28 mode 2
Event: 35.545 Thread 0x0000018fd87859e0 Uncommon trap: trap_request=0xffffff45 fr.pc=0x0000018feb230548 relative=0x00000000000005c8
Event: 35.545 Thread 0x0000018fd87859e0 Uncommon trap: reason=unstable_if action=reinterpret pc=0x0000018feb230548 method=java.lang.String.<init>([CIILjava/lang/Void;)V @ 5 c2
Event: 35.545 Thread 0x0000018fd87859e0 DEOPT PACKING pc=0x0000018feb230548 sp=0x0000002ab72fe030
Event: 35.545 Thread 0x0000018fd87859e0 DEOPT UNPACKING pc=0x0000018feacc857c sp=0x0000002ab72fdeb0 mode 2
Event: 35.656 Thread 0x0000018fd87859e0 DEOPT PACKING pc=0x0000018fe38f0360 sp=0x0000002ab72fe200
Event: 35.656 Thread 0x0000018fd87859e0 DEOPT UNPACKING pc=0x0000018feac91063 sp=0x0000002ab72fd670 mode 0
Event: 35.753 Thread 0x0000018fd87859e0 DEOPT PACKING pc=0x0000018fe38f0360 sp=0x0000002ab72fe200
Event: 35.753 Thread 0x0000018fd87859e0 DEOPT UNPACKING pc=0x0000018feac91063 sp=0x0000002ab72fd670 mode 0

Classes loaded (20 events):
Event: 28.773 Loading class sun/reflect/generics/reflectiveObjects/ParameterizedTypeImpl
Event: 28.773 Loading class sun/reflect/generics/reflectiveObjects/ParameterizedTypeImpl done
Event: 30.647 Loading class jdk/internal/foreign/MemorySessionImpl
Event: 30.647 Loading class java/lang/foreign/MemorySegment$Scope
Event: 30.647 Loading class java/lang/foreign/MemorySegment$Scope done
Event: 30.647 Loading class jdk/internal/foreign/MemorySessionImpl done
Event: 36.881 Loading class java/lang/Deprecated
Event: 36.881 Loading class java/lang/Deprecated done
Event: 38.354 Loading class java/lang/invoke/MethodHandle$1
Event: 38.403 Loading class java/lang/invoke/MethodHandle$1 done
Event: 39.467 Loading class sun/reflect/generics/tree/BottomSignature
Event: 39.467 Loading class sun/reflect/generics/tree/BottomSignature done
Event: 39.468 Loading class sun/reflect/generics/tree/Wildcard
Event: 39.468 Loading class sun/reflect/generics/tree/Wildcard done
Event: 39.468 Loading class sun/reflect/generics/reflectiveObjects/WildcardTypeImpl
Event: 39.468 Loading class sun/reflect/generics/reflectiveObjects/WildcardTypeImpl done
Event: 39.468 Loading class sun/reflect/annotation/AnnotatedTypeFactory$AnnotatedParameterizedTypeImpl
Event: 39.469 Loading class java/lang/reflect/AnnotatedParameterizedType
Event: 39.471 Loading class java/lang/reflect/AnnotatedParameterizedType done
Event: 39.471 Loading class sun/reflect/annotation/AnnotatedTypeFactory$AnnotatedParameterizedTypeImpl done

Classes unloaded (0 events):
No events

Classes redefined (0 events):
No events

Internal exceptions (20 events):
Event: 6.839 Thread 0x0000018fd87859e0 Exception <a 'java/lang/NullPointerException'{0x00000000c8f5b308}> (0x00000000c8f5b308) 
thrown [s\src\hotspot\share\interpreter\linkResolver.cpp, line 1416]
Event: 6.859 Thread 0x0000018fd87859e0 Exception <a 'sun/nio/fs/WindowsException'{0x00000000c8f7c9f8}> (0x00000000c8f7c9f8) 
thrown [s\src\hotspot\share\prims\jni.cpp, line 516]
Event: 6.859 Thread 0x0000018fd87859e0 Exception <a 'sun/nio/fs/WindowsException'{0x00000000c8f7d070}> (0x00000000c8f7d070) 
thrown [s\src\hotspot\share\prims\jni.cpp, line 516]
Event: 6.859 Thread 0x0000018fd87859e0 Exception <a 'sun/nio/fs/WindowsException'{0x00000000c8f7d650}> (0x00000000c8f7d650) 
thrown [s\src\hotspot\share\prims\jni.cpp, line 516]
Event: 6.860 Thread 0x0000018fd87859e0 Exception <a 'sun/nio/fs/WindowsException'{0x00000000c8f7dbb0}> (0x00000000c8f7dbb0) 
thrown [s\src\hotspot\share\prims\jni.cpp, line 516]
Event: 6.860 Thread 0x0000018fd87859e0 Exception <a 'sun/nio/fs/WindowsException'{0x00000000c8f7e0a0}> (0x00000000c8f7e0a0) 
thrown [s\src\hotspot\share\prims\jni.cpp, line 516]
Event: 6.860 Thread 0x0000018fd87859e0 Exception <a 'sun/nio/fs/WindowsException'{0x00000000c8f7e548}> (0x00000000c8f7e548) 
thrown [s\src\hotspot\share\prims\jni.cpp, line 516]
Event: 6.892 Thread 0x0000018fd87859e0 Exception <a 'java/lang/NoSuchMethodError'{0x00000000c8fb7420}: 'void java.lang.invoke.DirectMethodHandle$Holder.invokeVirtual(java.lang.Object, java.lang.Object)'> (0x00000000c8fb7420) 
thrown [s\src\hotspot\share\interpreter\linkResolver.cpp, line 804]
Event: 6.901 Thread 0x0000018fd87859e0 Exception <a 'java/lang/NoSuchMethodError'{0x00000000c8fd8718}: 'void java.lang.invoke.DirectMethodHandle$Holder.invokeStatic(java.lang.Object, java.lang.Object)'> (0x00000000c8fd8718) 
thrown [s\src\hotspot\share\interpreter\linkResolver.cpp, line 804]
Event: 6.903 Thread 0x0000018fd87859e0 Exception <a 'java/lang/NoSuchMethodError'{0x00000000c8fe07b0}: 'void java.lang.invoke.DirectMethodHandle$Holder.invokeStaticInit(java.lang.Object, java.lang.Object)'> (0x00000000c8fe07b0) 
thrown [s\src\hotspot\share\interpreter\linkResolver.cpp, line 804]
Event: 6.934 Thread 0x0000018fd87859e0 Exception <a 'java/lang/NoSuchMethodError'{0x00000000c8e1bee0}: 'void java.lang.invoke.DirectMethodHandle$Holder.invokeSpecial(java.lang.Object, java.lang.Object, java.lang.Object, java.lang.Object, java.lang.Object)'> (0x00000000c8e1bee0) 
thrown [s\src\hotspot\share\interpreter\linkResolver.cpp, line 804]
Event: 7.001 Thread 0x0000018fd87859e0 Exception <a 'java/lang/NoSuchMethodError'{0x00000000c8e585c8}: 'void java.lang.invoke.DirectMethodHandle$Holder.invokeStatic(java.lang.Object, java.lang.Object, java.lang.Object)'> (0x00000000c8e585c8) 
thrown [s\src\hotspot\share\interpreter\linkResolver.cpp, line 804]
Event: 7.231 Thread 0x0000018fd87859e0 Exception <a 'java/lang/NoSuchMethodError'{0x00000000c8c1ea80}: 'java.lang.Object java.lang.invoke.DirectMethodHandle$Holder.invokeSpecialIFC(java.lang.Object, java.lang.Object, java.lang.Object, java.lang.Object)'> (0x00000000c8c1ea80) 
thrown [s\src\hotspot\share\interpreter\linkResolver.cpp, line 804]
Event: 15.513 Thread 0x0000018fd87859e0 Exception <a 'java/lang/NoSuchMethodError'{0x00000000c870eed0}: 'void java.lang.invoke.DirectMethodHandle$Holder.invokeSpecial(java.lang.Object, java.lang.Object, java.lang.Object)'> (0x00000000c870eed0) 
thrown [s\src\hotspot\share\interpreter\linkResolver.cpp, line 804]
Event: 17.340 Thread 0x0000018fd87859e0 Exception <a 'java/lang/NoSuchMethodError'{0x00000000c8629a48}: 'java.lang.Object java.lang.invoke.DirectMethodHandle$Holder.invokeInterface(java.lang.Object, java.lang.Object)'> (0x00000000c8629a48) 
thrown [s\src\hotspot\share\interpreter\linkResolver.cpp, line 804]
Event: 17.933 Thread 0x0000018fd87859e0 Exception <a 'java/lang/NoSuchMethodError'{0x00000000c86d54a8}: 'int java.lang.invoke.DirectMethodHandle$Holder.invokeStatic(java.lang.Object, java.lang.Object, java.lang.Object, java.lang.Object)'> (0x00000000c86d54a8) 
thrown [s\src\hotspot\share\interpreter\linkResolver.cpp, line 804]
Event: 18.211 Thread 0x0000018fd87859e0 Exception <a 'java/lang/NoSuchMethodError'{0x00000000c86ff838}: 'int java.lang.invoke.DirectMethodHandle$Holder.invokeSpecialIFC(java.lang.Object, java.lang.Object, java.lang.Object, java.lang.Object, java.lang.Object)'> (0x00000000c86ff838) 
thrown [s\src\hotspot\share\interpreter\linkResolver.cpp, line 804]
Event: 20.697 Thread 0x0000018fd87859e0 Exception <a 'java/lang/NoSuchMethodError'{0x00000000c92cd320}: 'java.lang.Object java.lang.invoke.DirectMethodHandle$Holder.newInvokeSpecial(java.lang.Object, java.lang.Object, java.lang.Object, java.lang.Object, java.lang.Object)'> (0x00000000c92cd320) 
thrown [s\src\hotspot\share\interpreter\linkResolver.cpp, line 804]
Event: 21.876 Thread 0x0000018fd87859e0 Exception <a 'java/lang/NoSuchMethodError'{0x00000000c91e7080}: 'int java.lang.invoke.DirectMethodHandle$Holder.invokeStaticInit(java.lang.Object, java.lang.Object)'> (0x00000000c91e7080) 
thrown [s\src\hotspot\share\interpreter\linkResolver.cpp, line 804]
Event: 22.104 Thread 0x0000018fd87859e0 Exception <a 'java/lang/NoClassDefFoundError'{0x00000000c9021300}: javax/enterprise/inject/Typed> (0x00000000c9021300) 
thrown [s\src\hotspot\share\classfile\systemDictionary.cpp, line 316]

VM Operations (12 events):
Event: 4.606 Executing non-safepoint VM operation: HandshakeAllThreads (Deoptimize)
Event: 4.606 Executing non-safepoint VM operation: HandshakeAllThreads (Deoptimize) done
Event: 6.807 Executing non-safepoint VM operation: HandshakeAllThreads (Deoptimize)
Event: 6.807 Executing non-safepoint VM operation: HandshakeAllThreads (Deoptimize) done
Event: 7.019 Executing non-safepoint VM operation: HandshakeAllThreads (Deoptimize)
Event: 7.024 Executing non-safepoint VM operation: HandshakeAllThreads (Deoptimize) done
Event: 18.211 Executing safepoint VM operation: G1CollectForAllocation (G1 Evacuation Pause)
Event: 18.763 Executing safepoint VM operation: G1CollectForAllocation (G1 Evacuation Pause) done
Event: 39.177 Executing safepoint VM operation: G1CollectForAllocation (G1 Evacuation Pause)
Event: 39.198 Executing safepoint VM operation: G1CollectForAllocation (G1 Evacuation Pause) done
Event: 40.534 Executing non-safepoint VM operation: HandshakeAllThreads (Deoptimize)
Event: 40.534 Executing non-safepoint VM operation: HandshakeAllThreads (Deoptimize) done

Memory protections (0 events):
No events

Nmethod flushes (0 events):
No events

Events (13 events):
Event: 1.821 Thread 0x0000018fd87859e0 Thread added: 0x0000018fd87859e0
Event: 2.356 Thread 0x0000018fd87859e0 Thread added: 0x0000018ff57bee00
Event: 2.358 Thread 0x0000018fd87859e0 Thread added: 0x0000018ff57c1ca0
Event: 2.379 Thread 0x0000018fd87859e0 Thread added: 0x0000018ff57c5550
Event: 2.380 Thread 0x0000018fd87859e0 Thread added: 0x0000018ff57c7120
Event: 2.410 Thread 0x0000018fd87859e0 Thread added: 0x0000018ff57c96c0
Event: 2.410 Thread 0x0000018fd87859e0 Thread added: 0x0000018ff57ca280
Event: 2.410 Thread 0x0000018fd87859e0 Thread added: 0x0000018ff57cb170
Event: 2.436 Thread 0x0000018fd87859e0 Thread added: 0x0000018ff580f760
Event: 4.102 Thread 0x0000018fd87859e0 Thread added: 0x0000018ff5900a20
Event: 4.106 Thread 0x0000018fd87859e0 Thread added: 0x0000018ff5905470
Event: 6.816 Thread 0x0000018fd87859e0 Thread added: 0x0000018ff5c9d820
Event: 15.749 Thread 0x0000018ff5c9d820 Thread exited: 0x0000018ff5c9d820


Dynamic libraries:
0x00007ff7f5ed0000 - 0x00007ff7f5ede000 	C:\Program Files\Apache NetBeans\jdk\bin\java.exe
0x00007ff968e80000 - 0x00007ff9690e7000 	C:\WINDOWS\SYSTEM32\ntdll.dll
0x00007ff942540000 - 0x00007ff942561000 	C:\Program Files\AVG\Antivirus\aswhook.dll
0x00007ff967a60000 - 0x00007ff967b29000 	C:\WINDOWS\System32\KERNEL32.DLL
0x00007ff966460000 - 0x00007ff966857000 	C:\WINDOWS\System32\KERNELBASE.dll
0x00007ff966860000 - 0x00007ff9669ab000 	C:\WINDOWS\System32\ucrtbase.dll
0x00007ff939100000 - 0x00007ff939116000 	C:\Program Files\Apache NetBeans\jdk\bin\jli.dll
0x00007ff9683f0000 - 0x00007ff9685b6000 	C:\WINDOWS\System32\USER32.dll
0x00007ff9669b0000 - 0x00007ff9669d7000 	C:\WINDOWS\System32\win32u.dll
0x00007ff967a30000 - 0x00007ff967a5b000 	C:\WINDOWS\System32\GDI32.dll
0x00007ff9658b0000 - 0x00007ff9659dc000 	C:\WINDOWS\System32\gdi32full.dll
0x00007ff966a90000 - 0x00007ff966b33000 	C:\WINDOWS\System32\msvcp_win.dll
0x00007ff957b80000 - 0x00007ff957b9e000 	C:\Program Files\Apache NetBeans\jdk\bin\VCRUNTIME140.dll
0x00007ff953d30000 - 0x00007ff953fc2000 	C:\WINDOWS\WinSxS\amd64_microsoft.windows.common-controls_6595b64144ccf1df_6.0.26100.8328_none_3e08182ce334b678\COMCTL32.dll
0x00007ff966ce0000 - 0x00007ff966d89000 	C:\WINDOWS\System32\msvcrt.dll
0x00007ff967000000 - 0x00007ff967032000 	C:\WINDOWS\System32\IMM32.DLL
0x00007ff957b70000 - 0x00007ff957b7c000 	C:\Program Files\Apache NetBeans\jdk\bin\vcruntime140_1.dll
0x00007ff8e2d20000 - 0x00007ff8e2dad000 	C:\Program Files\Apache NetBeans\jdk\bin\msvcp140.dll
0x00007ff8e0f50000 - 0x00007ff8e1e76000 	C:\Program Files\Apache NetBeans\jdk\bin\server\jvm.dll
0x00007ff9685e0000 - 0x00007ff968696000 	C:\WINDOWS\System32\ADVAPI32.dll
0x00007ff966c00000 - 0x00007ff966ca7000 	C:\WINDOWS\System32\sechost.dll
0x00007ff968700000 - 0x00007ff968818000 	C:\WINDOWS\System32\RPCRT4.dll
0x00007ff968050000 - 0x00007ff9680d0000 	C:\WINDOWS\System32\WS2_32.dll
0x00007ff965710000 - 0x00007ff96576e000 	C:\WINDOWS\SYSTEM32\POWRPROF.dll
0x00007ff939040000 - 0x00007ff939076000 	C:\WINDOWS\SYSTEM32\WINMM.dll
0x00007ff958be0000 - 0x00007ff958beb000 	C:\WINDOWS\SYSTEM32\VERSION.dll
0x00007ff9656f0000 - 0x00007ff965704000 	C:\WINDOWS\SYSTEM32\UMPDC.dll
0x00007ff964640000 - 0x00007ff96465b000 	C:\WINDOWS\SYSTEM32\kernel.appcore.dll
0x00007ff9525d0000 - 0x00007ff9525da000 	C:\Program Files\Apache NetBeans\jdk\bin\jimage.dll
0x00007ff9637a0000 - 0x00007ff9639e2000 	C:\WINDOWS\SYSTEM32\DBGHELP.DLL
0x00007ff968820000 - 0x00007ff968ba3000 	C:\WINDOWS\System32\combase.dll
0x00007ff9682f0000 - 0x00007ff9683c9000 	C:\WINDOWS\System32\OLEAUT32.dll
0x00007ff954360000 - 0x00007ff95439b000 	C:\WINDOWS\SYSTEM32\dbgcore.DLL
0x00007ff9669e0000 - 0x00007ff966a88000 	C:\WINDOWS\System32\bcryptPrimitives.dll
0x00007ff9394f0000 - 0x00007ff93950e000 	C:\Program Files\Apache NetBeans\jdk\bin\java.dll
0x00007ff968150000 - 0x00007ff9682e7000 	C:\WINDOWS\System32\ole32.dll
0x00007ff9670d0000 - 0x00007ff96783e000 	C:\WINDOWS\System32\SHELL32.dll
0x00007ff9659e0000 - 0x00007ff96624c000 	C:\WINDOWS\System32\windows.storage.dll
0x00007ff968bb0000 - 0x00007ff968ca6000 	C:\WINDOWS\System32\SHCORE.dll
0x00007ff9680e0000 - 0x00007ff968146000 	C:\WINDOWS\System32\shlwapi.dll
0x00007ff9657d0000 - 0x00007ff9657f9000 	C:\WINDOWS\SYSTEM32\profapi.dll
0x00007ff918930000 - 0x00007ff918941000 	C:\Program Files\Apache NetBeans\jdk\bin\net.dll
0x00007ff964bb0000 - 0x00007ff964c1c000 	C:\WINDOWS\system32\mswsock.dll
0x00007ff918910000 - 0x00007ff918926000 	C:\Program Files\Apache NetBeans\jdk\bin\nio.dll
0x00007ff918950000 - 0x00007ff918967000 	C:\Program Files\Apache NetBeans\jdk\bin\zip.dll
0x00007ff960a00000 - 0x00007ff960a24000 	C:\Program Files\Apache NetBeans\java\maven\lib\jansi-native\Windows\x86_64\jansi.dll
0x00007ff93cfc0000 - 0x00007ff93cfd0000 	C:\Program Files\Apache NetBeans\jdk\bin\verify.dll

JVMTI agents: none

dbghelp: loaded successfully - version: 4.0.5 - missing functions: none
symbol engine: initialized successfully - sym options: 0x614 - pdb path: .;C:\Program Files\Apache NetBeans\jdk\bin;C:\WINDOWS\SYSTEM32;C:\Program Files\AVG\Antivirus;C:\WINDOWS\WinSxS\amd64_microsoft.windows.common-controls_6595b64144ccf1df_6.0.26100.8328_none_3e08182ce334b678;C:\Program Files\Apache NetBeans\jdk\bin\server;C:\Program Files\Apache NetBeans\java\maven\lib\jansi-native\Windows\x86_64

VM Arguments:
jvm_args: --enable-native-access=ALL-UNNAMED -Dclassworlds.conf=C:\Program Files\Apache NetBeans\java\maven\bin\m2.conf -Dmaven.home=C:\Program Files\Apache NetBeans\java\maven -Dlibrary.jansi.path=C:\Program Files\Apache NetBeans\java\maven\lib\jansi-native -Dmaven.multiModuleProjectDirectory=C:\Users\HLELOLWENKOSI\Documents\NetBeansProjects\mavenproject1 
java_command: org.codehaus.plexus.classworlds.launcher.Launcher -Dexec.vmArgs= -Dexec.args=${exec.vmArgs} -classpath %classpath ${exec.mainClass} ${exec.appArgs} -Dexec.appArgs= -Dexec.mainClass=com.mycompany.mavenproject1.Mavenproject1 -Dexec.executable=C:\Program Files\Apache NetBeans\jdk\bin\java.exe -Dmaven.ext.class.path=C:\Program Files\Apache NetBeans\java\maven-nblib\netbeans-eventspy.jar --no-transfer-progress process-classes org.codehaus.mojo:exec-maven-plugin:3.5.1:exec
java_class_path (initial): C:\Program Files\Apache NetBeans\java\maven\boot\plexus-classworlds-2.9.0.jar
Launcher Type: SUN_STANDARD

[Global flags]
     intx CICompilerCount                          = 2                                         {product} {ergonomic}
     uint ConcGCThreads                            = 1                                         {product} {ergonomic}
     uint G1ConcRefinementThreads                  = 2                                         {product} {ergonomic}
   size_t G1HeapRegionSize                         = 1048576                                   {product} {ergonomic}
   size_t InitialHeapSize                          = 62914560                                  {product} {ergonomic}
   size_t MarkStackSize                            = 4194304                                   {product} {ergonomic}
   size_t MarkStackSizeMax                         = 536870912                                 {product} {ergonomic}
   size_t MaxHeapSize                              = 981467136                                 {product} {ergonomic}
   size_t MaxNewSize                               = 588251136                                 {product} {ergonomic}
   size_t MinHeapDeltaBytes                        = 1048576                                   {product} {ergonomic}
   size_t MinHeapSize                              = 8388608                                   {product} {ergonomic}
    uintx NonNMethodCodeHeapSize                   = 5767168                                {pd product} {ergonomic}
    uintx NonProfiledCodeHeapSize                  = 123011072                              {pd product} {ergonomic}
    uintx ProfiledCodeHeapSize                     = 122880000                              {pd product} {ergonomic}
    uintx ReservedCodeCacheSize                    = 251658240                              {pd product} {ergonomic}
     bool SegmentedCodeCache                       = true                                      {product} {ergonomic}
   size_t SoftMaxHeapSize                          = 981467136                              {manageable} {ergonomic}
     bool UseCompressedOops                        = true                           {product lp64_product} {ergonomic}
     bool UseG1GC                                  = true                                      {product} {ergonomic}
     bool UseLargePagesIndividualAllocation        = false                                  {pd product} {ergonomic}

Logging:
Log output configuration:
 #0: stdout all=warning uptime,level,tags foldmultilines=false
 #1: stderr all=off uptime,level,tags foldmultilines=false

Release file:
IMPLEMENTOR="Eclipse Adoptium" 
IMPLEMENTOR_VERSION="Temurin-25.0.2+10" 
JAVA_RUNTIME_VERSION="25.0.2+10-LTS" 
JAVA_VERSION="25.0.2" 
JAVA_VERSION_DATE="2026-01-20" 
LIBC="default" 
MODULES="java.base java.compiler java.datatransfer java.xml java.prefs java.desktop java.instrument java.logging java.management java.security.sasl java.naming java.rmi java.management.rmi java.net.http java.scripting java.security.jgss java.transaction.xa java.sql java.sql.rowset java.xml.crypto java.se java.smartcardio jdk.accessibility jdk.internal.jvmstat jdk.attach jdk.charsets jdk.internal.opt jdk.zipfs jdk.compiler jdk.crypto.cryptoki jdk.crypto.ec jdk.crypto.mscapi jdk.dynalink jdk.internal.ed jdk.editpad jdk.internal.vm.ci jdk.graal.compiler jdk.graal.compiler.management jdk.hotspot.agent jdk.httpserver jdk.incubator.vector jdk.internal.le jdk.internal.md jdk.jartool jdk.javadoc jdk.jcmd jdk.management jdk.management.agent jdk.jconsole jdk.jdeps jdk.jdwp.agent jdk.jdi jdk.jfr jdk.jlink jdk.jpackage jdk.jshell jdk.jsobject jdk.jstatd jdk.localedata jdk.management.jfr jdk.naming.dns jdk.naming.rmi jdk.net jdk.nio.mapmode jdk.sctp jdk.security.auth jdk.security.jgss jdk.unsupported jdk.unsupported.desktop jdk.xml.dom" 
OS_ARCH="x86_64" 
OS_NAME="Windows" 
SOURCE=".:git:9e3c947043a4" 
BUILD_SOURCE="git:458965074606f027bd5afce2cfd5c1055dea0438"
BUILD_SOURCE_REPO="https://github.com/adoptium/temurin-build.git"
SOURCE_REPO="https://github.com/adoptium/jdk25u.git"
FULL_VERSION="25.0.2+10-LTS"
SEMANTIC_VERSION="25.0.2+10"
BUILD_INFO="OS: Windows Server 2022 Version: 10.0"
JVM_VARIANT="Hotspot"
JVM_VERSION="25.0.2+10-LTS"
IMAGE_TYPE="JDK"

Environment Variables:
JAVA_HOME=C:\Program Files\Apache NetBeans\jdk
PATH=C:\WINDOWS\system32;C:\WINDOWS;C:\WINDOWS\System32\Wbem;C:\WINDOWS\System32\WindowsPowerShell\v1.0\;C:\WINDOWS\System32\OpenSSH\;C:\Users\HLELOLWENKOSI\AppData\Local\Microsoft\WindowsApps;;C:\Program Files\Apache NetBeans\bin\
USERNAME=HLELOLWENKOSI
OS=Windows_NT
PROCESSOR_IDENTIFIER=Intel64 Family 6 Model 122 Stepping 8, GenuineIntel
TMP=C:\Users\HLELOL~1\AppData\Local\Temp
TEMP=C:\Users\HLELOL~1\AppData\Local\Temp




Compilation memory statistics disabled.

Periodic native trim disabled

---------------  S Y S T E M  ---------------

OS:
 Windows 11 , 64 bit Build 26100 (10.0.26100.8328)
OS uptime: 0 days 0:20 hours

CPU: total 2 (initial active 2) (2 cores per cpu, 1 threads per core) family 6 model 122 stepping 8 microcode 0x20, cx8, cmov, fxsr, mmx, 3dnowpref, sse, sse2, sse3, ssse3, sse4.1, sse4.2, popcnt, tsc, tscinvbit, aes, erms, clmul, sha, clflush, clflushopt, rdtscp, rdpid
Processor Information for the first 2 processors :
  Max Mhz: 1101, Current Mhz: 1101, Mhz Limit: 1101

Memory: 4k page, system-wide physical 3737M (211M free)
TotalPageFile size 10039M (AvailPageFile size 4M)
current process WorkingSet (physical memory assigned to process): 66M, peak: 70M
current process commit charge ("private bytes"): 149M, peak: 151M

vm_info: OpenJDK 64-Bit Server VM (25.0.2+10-LTS) for windows-amd64 JRE (25.0.2+10-LTS), built on 2026-01-20T00:00:00Z with MS VC++ 17.12 (VS2022)

END.
