#
# There is insufficient memory for the Java Runtime Environment to continue.
# Native memory allocation (malloc) failed to allocate 32752 bytes. Error detail: Chunk::new
# Possible reasons:
#   The system is out of physical RAM or swap space
#   This process is running with CompressedOops enabled, and the Java Heap may be blocking the growth of the native heap
# Possible solutions:
#   Reduce memory load on the system
#   Increase physical memory or swap space
#   Check if swap backing store is full
#   Decrease Java heap size (-Xmx/-Xms)
#   Decrease number of Java threads
#   Decrease Java thread stack sizes (-Xss)
#   Set larger code cache with -XX:ReservedCodeCacheSize=
#   JVM is running with Unscaled Compressed Oops mode in which the Java heap is
#     placed in the first 4GB address space. The Java Heap base address is the
#     maximum limit for the native heap growth. Please use -XX:HeapBaseMinAddress
#     to set the Java Heap base and to place the Java Heap above 4GB virtual address.
# This output file may be truncated or incomplete.
#
#  Out of Memory Error (arena.cpp:186), pid=21024, tid=20744
#
# JRE version: OpenJDK Runtime Environment Temurin-25.0.2+10 (25.0.2+10) (build 25.0.2+10-LTS)
# Java VM: OpenJDK 64-Bit Server VM Temurin-25.0.2+10 (25.0.2+10-LTS, mixed mode, sharing, tiered, compressed oops, compressed class ptrs, g1 gc, windows-amd64)
# No core dump will be written. Minidumps are not enabled by default on client versions of Windows
#

---------------  S U M M A R Y ------------

Command Line: --enable-native-access=ALL-UNNAMED -Dclassworlds.conf=C:\Program Files\Apache NetBeans\java\maven\bin\m2.conf -Dmaven.home=C:\Program Files\Apache NetBeans\java\maven -Dlibrary.jansi.path=C:\Program Files\Apache NetBeans\java\maven\lib\jansi-native -Dmaven.multiModuleProjectDirectory=C:\Users\HLELOLWENKOSI\Documents\NetBeansProjects\mavenproject1 org.codehaus.plexus.classworlds.launcher.Launcher -Dexec.vmArgs= -Dexec.args=${exec.vmArgs} -classpath %classpath ${exec.mainClass} ${exec.appArgs} -Dexec.appArgs= -Dexec.mainClass=com.mycompany.mavenproject1.Mavenproject1 -Dexec.executable=C:\Program Files\Apache NetBeans\jdk\bin\java.exe -Dmaven.ext.class.path=C:\Program Files\Apache NetBeans\java\maven-nblib\netbeans-eventspy.jar --no-transfer-progress process-classes org.codehaus.mojo:exec-maven-plugin:3.5.1:exec

Host: Intel(R) Celeron(R) N4020 CPU @ 1.10GHz, 2 cores, 3G,  Windows 11 , 64 bit Build 26100 (10.0.26100.8328)
Time: Sun May 17 14:45:20 2026 South Africa Standard Time elapsed time: 59.366672 seconds (0d 0h 0m 59s)

---------------  T H R E A D  ---------------

Current thread (0x0000018643e33c70):  JavaThread "C1 CompilerThread0" daemon [_thread_in_native, id=20744, stack(0x0000004e77b00000,0x0000004e77c00000) (1024K)]


Current CompileTask:
C1:59367 1759       3       jdk.internal.classfile.impl.StackCounter::<init> (2420 bytes)

Stack: [0x0000004e77b00000,0x0000004e77c00000]
Native frames: (J=compiled Java code, j=interpreted, Vv=VM code, C=native code)
V  [jvm.dll+0x7a8bc9]  (no source info available)
V  [jvm.dll+0x77310d]  (no source info available)
V  [jvm.dll+0x9f55f3]  (no source info available)
V  [jvm.dll+0x9f7be1]  (no source info available)
V  [jvm.dll+0x9f82f3]  (no source info available)
V  [jvm.dll+0x2fce26]  (no source info available)
V  [jvm.dll+0x111076]  (no source info available)
V  [jvm.dll+0x11139e]  (no source info available)
V  [jvm.dll+0x1f220a]  (no source info available)
V  [jvm.dll+0x1e798e]  (no source info available)
V  [jvm.dll+0x1d5b50]  (no source info available)
V  [jvm.dll+0x1be50f]  (no source info available)
V  [jvm.dll+0x1bddaf]  (no source info available)
V  [jvm.dll+0x1be070]  (no source info available)
V  [jvm.dll+0x1bd3b1]  (no source info available)
V  [jvm.dll+0x1bf1fd]  (no source info available)
V  [jvm.dll+0x2cf4c6]  (no source info available)
V  [jvm.dll+0x2cd74a]  (no source info available)
V  [jvm.dll+0x48fbee]  (no source info available)
V  [jvm.dll+0x996b0d]  (no source info available)
V  [jvm.dll+0x7a71a5]  (no source info available)
C  [ucrtbase.dll+0x37b0]  (no source info available)
C  [KERNEL32.DLL+0x2e957]  (no source info available)
C  [ntdll.dll+0x427c]  (no source info available)

Lock stack of current Java thread (top to bottom):


---------------  P R O C E S S  ---------------

Threads class SMR info:
_java_thread_list=0x00000186481a58b0, length=11, elements={
0x0000018626d14c30, 0x0000018643dab630, 0x0000018643db0900, 0x0000018643db30d0,
0x0000018643db4ca0, 0x0000018643db5860, 0x0000018643db6420, 0x0000018643db7310,
0x0000018643e33c70, 0x0000018648036940, 0x000001864803b560
}

Java Threads: ( => current thread )
  0x0000018626d14c30 JavaThread "main"                              [_thread_in_native, id=4772, stack(0x0000004e76c00000,0x0000004e76d00000) (1024K)]
  0x0000018643dab630 JavaThread "Reference Handler"          daemon [_thread_blocked, id=13528, stack(0x0000004e77400000,0x0000004e77500000) (1024K)]
  0x0000018643db0900 JavaThread "Finalizer"                  daemon [_thread_blocked, id=19316, stack(0x0000004e77500000,0x0000004e77600000) (1024K)]
  0x0000018643db30d0 JavaThread "Signal Dispatcher"          daemon [_thread_blocked, id=20832, stack(0x0000004e77600000,0x0000004e77700000) (1024K)]
  0x0000018643db4ca0 JavaThread "Attach Listener"            daemon [_thread_blocked, id=21516, stack(0x0000004e77700000,0x0000004e77800000) (1024K)]
  0x0000018643db5860 JavaThread "Service Thread"             daemon [_thread_blocked, id=19320, stack(0x0000004e77800000,0x0000004e77900000) (1024K)]
  0x0000018643db6420 JavaThread "Monitor Deflation Thread"   daemon [_thread_blocked, id=11628, stack(0x0000004e77900000,0x0000004e77a00000) (1024K)]
  0x0000018643db7310 JavaThread "C2 CompilerThread0"         daemon [_thread_in_native, id=21804, stack(0x0000004e77a00000,0x0000004e77b00000) (1024K)]
=>0x0000018643e33c70 JavaThread "C1 CompilerThread0"         daemon [_thread_in_native, id=20744, stack(0x0000004e77b00000,0x0000004e77c00000) (1024K)]
  0x0000018648036940 JavaThread "Notification Thread"        daemon [_thread_blocked, id=13468, stack(0x0000004e77c00000,0x0000004e77d00000) (1024K)]
  0x000001864803b560 JavaThread "Common-Cleaner"             daemon [_thread_blocked, id=17484, stack(0x0000004e77d00000,0x0000004e77e00000) (1024K)]
Total: 11

Other Threads:
  0x0000018643d97e60 VMThread "VM Thread"                           [id=21656, stack(0x0000004e77300000,0x0000004e77400000) (1024K)]
  0x0000018643d8ca00 WatcherThread "VM Periodic Task Thread"        [id=18116, stack(0x0000004e77200000,0x0000004e77300000) (1024K)]
  0x000001862913cc10 WorkerThread "GC Thread#0"                     [id=14268, stack(0x0000004e76d00000,0x0000004e76e00000) (1024K)]
  0x0000018648753b00 WorkerThread "GC Thread#1"                     [id=21596, stack(0x0000004e77e00000,0x0000004e77f00000) (1024K)]
  0x0000018629148c60 ConcurrentGCThread "G1 Main Marker"            [id=13512, stack(0x0000004e76e00000,0x0000004e76f00000) (1024K)]
  0x000001862914b710 WorkerThread "G1 Conc#0"                       [id=19276, stack(0x0000004e76f00000,0x0000004e77000000) (1024K)]
  0x0000018629167cc0 ConcurrentGCThread "G1 Refine#0"               [id=17792, stack(0x0000004e77000000,0x0000004e77100000) (1024K)]
  0x00000186291696e0 ConcurrentGCThread "G1 Service"                [id=21264, stack(0x0000004e77100000,0x0000004e77200000) (1024K)]
Total: 8

Threads with active compile tasks:
C2 CompilerThread0  60128 1762   !   4       java.util.jar.JarFile::checkForSpecialAttributes (163 bytes)
C1 CompilerThread0  60128 1759       3       jdk.internal.classfile.impl.StackCounter::<init> (2420 bytes)
Total: 2

VM state: not at safepoint (normal execution)

VM Mutex/Monitor currently owned by a thread: None

Heap address: 0x00000000c5800000, size: 936 MB, Compressed Oops mode: 32-bit

CDS archive(s) mapped at: [0x000000000a000000-0x000000000add0000-0x000000000add0000), size 14483456, SharedBaseAddress: 0x000000000a000000, ArchiveRelocationMode: 1.
Compressed class space mapped at: 0x000000000b000000-0x000000004b000000, reserved size: 1073741824
UseCompressedClassPointers 1, UseCompactObjectHeaders 0
Narrow klass pointer bits 32, Max shift 3
Narrow klass base: 0x000000000a000000, Narrow klass shift: 0
Encoding Range: [0x000000000a000000 - 0x000000010a000000), (4294967296 bytes)
Klass Range:    [0x000000000a010000 - 0x000000004b000000), (1090453504 bytes)
Klass ID Range:  [65536 - 1090519033) (1090453497)
Protection zone: [0x000000000a000000 - 0x000000000a010000), (65536 bytes)

GC Precious Log:
 CardTable entry size: 512
 Card Set container configuration: InlinePtr #cards 5 size 8 Array Of Cards #cards 10 size 36 Howl #buckets 4 coarsen threshold 1843 Howl Bitmap #cards 512 size 80 coarsen threshold 460 Card regions per heap region 1 cards per card region 2048
 CPUs: 2 total, 2 available
 Memory: 3737M
 Large Page Support: Disabled
 NUMA Support: Disabled
 Compressed Oops: Enabled (32-bit)
 Heap Region Size: 1M
 Heap Min Capacity: 8M
 Heap Initial Capacity: 60M
 Heap Max Capacity: 936M
 Pre-touch: Disabled
 Parallel Workers: 2
 Concurrent Workers: 1
 Concurrent Refinement Workers: 2
 Periodic GC: Disabled

Heap:
 garbage-first heap   total reserved 958464K, committed 63488K, used 7121K [0x00000000c5800000, 0x0000000100000000)
  region size 1024K, 7 young (7168K), 4 survivors (4096K)

Heap Regions: E=young(eden), S=young(survivor), O=old, HS=humongous(starts), HC=humongous(continues), CS=collection set, F=free, TAMS=top-at-mark-start, PB=parsable bottom
|   0|0x00000000c5800000, 0x00000000c58a5430, 0x00000000c5900000| 64%| O|  |TAMS 0x00000000c5800000| PB 0x00000000c5800000| Untracked |  0
|   1|0x00000000c5900000, 0x00000000c5900000, 0x00000000c5a00000|  0%| F|  |TAMS 0x00000000c5900000| PB 0x00000000c5900000| Untracked |  0
|   2|0x00000000c5a00000, 0x00000000c5a00000, 0x00000000c5b00000|  0%| F|  |TAMS 0x00000000c5a00000| PB 0x00000000c5a00000| Untracked |  0
|   3|0x00000000c5b00000, 0x00000000c5b00000, 0x00000000c5c00000|  0%| F|  |TAMS 0x00000000c5b00000| PB 0x00000000c5b00000| Untracked |  0
|   4|0x00000000c5c00000, 0x00000000c5c00000, 0x00000000c5d00000|  0%| F|  |TAMS 0x00000000c5c00000| PB 0x00000000c5c00000| Untracked |  0
|   5|0x00000000c5d00000, 0x00000000c5d00000, 0x00000000c5e00000|  0%| F|  |TAMS 0x00000000c5d00000| PB 0x00000000c5d00000| Untracked |  0
|   6|0x00000000c5e00000, 0x00000000c5e00000, 0x00000000c5f00000|  0%| F|  |TAMS 0x00000000c5e00000| PB 0x00000000c5e00000| Untracked |  0
|   7|0x00000000c5f00000, 0x00000000c5f00000, 0x00000000c6000000|  0%| F|  |TAMS 0x00000000c5f00000| PB 0x00000000c5f00000| Untracked |  0
|   8|0x00000000c6000000, 0x00000000c6000000, 0x00000000c6100000|  0%| F|  |TAMS 0x00000000c6000000| PB 0x00000000c6000000| Untracked |  0
|   9|0x00000000c6100000, 0x00000000c6100000, 0x00000000c6200000|  0%| F|  |TAMS 0x00000000c6100000| PB 0x00000000c6100000| Untracked |  0
|  10|0x00000000c6200000, 0x00000000c6200000, 0x00000000c6300000|  0%| F|  |TAMS 0x00000000c6200000| PB 0x00000000c6200000| Untracked |  0
|  11|0x00000000c6300000, 0x00000000c6300000, 0x00000000c6400000|  0%| F|  |TAMS 0x00000000c6300000| PB 0x00000000c6300000| Untracked |  0
|  12|0x00000000c6400000, 0x00000000c6400000, 0x00000000c6500000|  0%| F|  |TAMS 0x00000000c6400000| PB 0x00000000c6400000| Untracked |  0
|  13|0x00000000c6500000, 0x00000000c6500000, 0x00000000c6600000|  0%| F|  |TAMS 0x00000000c6500000| PB 0x00000000c6500000| Untracked |  0
|  14|0x00000000c6600000, 0x00000000c6600000, 0x00000000c6700000|  0%| F|  |TAMS 0x00000000c6600000| PB 0x00000000c6600000| Untracked |  0
|  15|0x00000000c6700000, 0x00000000c6700000, 0x00000000c6800000|  0%| F|  |TAMS 0x00000000c6700000| PB 0x00000000c6700000| Untracked |  0
|  16|0x00000000c6800000, 0x00000000c6800000, 0x00000000c6900000|  0%| F|  |TAMS 0x00000000c6800000| PB 0x00000000c6800000| Untracked |  0
|  17|0x00000000c6900000, 0x00000000c6900000, 0x00000000c6a00000|  0%| F|  |TAMS 0x00000000c6900000| PB 0x00000000c6900000| Untracked |  0
|  18|0x00000000c6a00000, 0x00000000c6a00000, 0x00000000c6b00000|  0%| F|  |TAMS 0x00000000c6a00000| PB 0x00000000c6a00000| Untracked |  0
|  19|0x00000000c6b00000, 0x00000000c6b00000, 0x00000000c6c00000|  0%| F|  |TAMS 0x00000000c6b00000| PB 0x00000000c6b00000| Untracked |  0
|  20|0x00000000c6c00000, 0x00000000c6c00000, 0x00000000c6d00000|  0%| F|  |TAMS 0x00000000c6c00000| PB 0x00000000c6c00000| Untracked |  0
|  21|0x00000000c6d00000, 0x00000000c6d00000, 0x00000000c6e00000|  0%| F|  |TAMS 0x00000000c6d00000| PB 0x00000000c6d00000| Untracked |  0
|  22|0x00000000c6e00000, 0x00000000c6e00000, 0x00000000c6f00000|  0%| F|  |TAMS 0x00000000c6e00000| PB 0x00000000c6e00000| Untracked |  0
|  23|0x00000000c6f00000, 0x00000000c6f00000, 0x00000000c7000000|  0%| F|  |TAMS 0x00000000c6f00000| PB 0x00000000c6f00000| Untracked |  0
|  24|0x00000000c7000000, 0x00000000c7000000, 0x00000000c7100000|  0%| F|  |TAMS 0x00000000c7000000| PB 0x00000000c7000000| Untracked |  0
|  25|0x00000000c7100000, 0x00000000c7100000, 0x00000000c7200000|  0%| F|  |TAMS 0x00000000c7100000| PB 0x00000000c7100000| Untracked |  0
|  26|0x00000000c7200000, 0x00000000c7200000, 0x00000000c7300000|  0%| F|  |TAMS 0x00000000c7200000| PB 0x00000000c7200000| Untracked |  0
|  27|0x00000000c7300000, 0x00000000c7300000, 0x00000000c7400000|  0%| F|  |TAMS 0x00000000c7300000| PB 0x00000000c7300000| Untracked |  0
|  28|0x00000000c7400000, 0x00000000c7400000, 0x00000000c7500000|  0%| F|  |TAMS 0x00000000c7400000| PB 0x00000000c7400000| Untracked |  0
|  29|0x00000000c7500000, 0x00000000c7500000, 0x00000000c7600000|  0%| F|  |TAMS 0x00000000c7500000| PB 0x00000000c7500000| Untracked |  0
|  30|0x00000000c7600000, 0x00000000c762a4c0, 0x00000000c7700000| 16%| S|CS|TAMS 0x00000000c7600000| PB 0x00000000c7600000| Complete |  0
|  31|0x00000000c7700000, 0x00000000c7800000, 0x00000000c7800000|100%| S|CS|TAMS 0x00000000c7700000| PB 0x00000000c7700000| Complete |  0
|  32|0x00000000c7800000, 0x00000000c7900000, 0x00000000c7900000|100%| S|CS|TAMS 0x00000000c7800000| PB 0x00000000c7800000| Complete |  0
|  33|0x00000000c7900000, 0x00000000c7a00000, 0x00000000c7a00000|100%| S|CS|TAMS 0x00000000c7900000| PB 0x00000000c7900000| Complete |  0
|  34|0x00000000c7a00000, 0x00000000c7a00000, 0x00000000c7b00000|  0%| F|  |TAMS 0x00000000c7a00000| PB 0x00000000c7a00000| Untracked |  0
|  35|0x00000000c7b00000, 0x00000000c7b00000, 0x00000000c7c00000|  0%| F|  |TAMS 0x00000000c7b00000| PB 0x00000000c7b00000| Untracked |  0
|  36|0x00000000c7c00000, 0x00000000c7c00000, 0x00000000c7d00000|  0%| F|  |TAMS 0x00000000c7c00000| PB 0x00000000c7c00000| Untracked |  0
|  37|0x00000000c7d00000, 0x00000000c7d00000, 0x00000000c7e00000|  0%| F|  |TAMS 0x00000000c7d00000| PB 0x00000000c7d00000| Untracked |  0
|  38|0x00000000c7e00000, 0x00000000c7e00000, 0x00000000c7f00000|  0%| F|  |TAMS 0x00000000c7e00000| PB 0x00000000c7e00000| Untracked |  0
|  39|0x00000000c7f00000, 0x00000000c7f00000, 0x00000000c8000000|  0%| F|  |TAMS 0x00000000c7f00000| PB 0x00000000c7f00000| Untracked |  0
|  40|0x00000000c8000000, 0x00000000c8000000, 0x00000000c8100000|  0%| F|  |TAMS 0x00000000c8000000| PB 0x00000000c8000000| Untracked |  0
|  41|0x00000000c8100000, 0x00000000c8100000, 0x00000000c8200000|  0%| F|  |TAMS 0x00000000c8100000| PB 0x00000000c8100000| Untracked |  0
|  42|0x00000000c8200000, 0x00000000c8200000, 0x00000000c8300000|  0%| F|  |TAMS 0x00000000c8200000| PB 0x00000000c8200000| Untracked |  0
|  43|0x00000000c8300000, 0x00000000c8300000, 0x00000000c8400000|  0%| F|  |TAMS 0x00000000c8300000| PB 0x00000000c8300000| Untracked |  0
|  44|0x00000000c8400000, 0x00000000c8400000, 0x00000000c8500000|  0%| F|  |TAMS 0x00000000c8400000| PB 0x00000000c8400000| Untracked |  0
|  45|0x00000000c8500000, 0x00000000c8500000, 0x00000000c8600000|  0%| F|  |TAMS 0x00000000c8500000| PB 0x00000000c8500000| Untracked |  0
|  46|0x00000000c8600000, 0x00000000c8600000, 0x00000000c8700000|  0%| F|  |TAMS 0x00000000c8600000| PB 0x00000000c8600000| Untracked |  0
|  47|0x00000000c8700000, 0x00000000c8700000, 0x00000000c8800000|  0%| F|  |TAMS 0x00000000c8700000| PB 0x00000000c8700000| Untracked |  0
|  48|0x00000000c8800000, 0x00000000c8800000, 0x00000000c8900000|  0%| F|  |TAMS 0x00000000c8800000| PB 0x00000000c8800000| Untracked |  0
|  49|0x00000000c8900000, 0x00000000c8900000, 0x00000000c8a00000|  0%| F|  |TAMS 0x00000000c8900000| PB 0x00000000c8900000| Untracked |  0
|  50|0x00000000c8a00000, 0x00000000c8a00000, 0x00000000c8b00000|  0%| F|  |TAMS 0x00000000c8a00000| PB 0x00000000c8a00000| Untracked |  0
|  51|0x00000000c8b00000, 0x00000000c8b00000, 0x00000000c8c00000|  0%| F|  |TAMS 0x00000000c8b00000| PB 0x00000000c8b00000| Untracked |  0
|  52|0x00000000c8c00000, 0x00000000c8c00000, 0x00000000c8d00000|  0%| F|  |TAMS 0x00000000c8c00000| PB 0x00000000c8c00000| Untracked |  0
|  53|0x00000000c8d00000, 0x00000000c8d00000, 0x00000000c8e00000|  0%| F|  |TAMS 0x00000000c8d00000| PB 0x00000000c8d00000| Untracked |  0
|  54|0x00000000c8e00000, 0x00000000c8e00000, 0x00000000c8f00000|  0%| F|  |TAMS 0x00000000c8e00000| PB 0x00000000c8e00000| Untracked |  0
|  55|0x00000000c8f00000, 0x00000000c8f00000, 0x00000000c9000000|  0%| F|  |TAMS 0x00000000c8f00000| PB 0x00000000c8f00000| Untracked |  0
|  56|0x00000000c9000000, 0x00000000c9000000, 0x00000000c9100000|  0%| F|  |TAMS 0x00000000c9000000| PB 0x00000000c9000000| Untracked |  0
|  57|0x00000000c9100000, 0x00000000c916f4c8, 0x00000000c9200000| 43%| E|  |TAMS 0x00000000c9100000| PB 0x00000000c9100000| Complete |  0
|  58|0x00000000c9200000, 0x00000000c9300000, 0x00000000c9300000|100%| E|CS|TAMS 0x00000000c9200000| PB 0x00000000c9200000| Complete |  0
|  59|0x00000000c9300000, 0x00000000c9400000, 0x00000000c9400000|100%| E|CS|TAMS 0x00000000c9300000| PB 0x00000000c9300000| Complete |  0
| 934|0x00000000ffe00000, 0x00000000fff00000, 0x00000000fff00000|100%| O|  |TAMS 0x00000000ffe00000| PB 0x00000000ffe00000| Untracked |  0
| 935|0x00000000fff00000, 0x00000000fff24ea8, 0x0000000100000000| 14%| O|  |TAMS 0x00000000fff00000| PB 0x00000000fff00000| Untracked |  0

Card table byte_map: [0x0000018628ea0000,0x0000018629080000] _byte_map_base: 0x0000018628874000

Marking Bits: (CMBitMap*) 0x000001862913d3a0
 Bits: [0x0000018640bf0000, 0x0000018641a90000)

Polling page: 0x0000018626cb0000

Metaspace:
Metaspace        used 7780K, committed 7936K, reserved 1114112K
 class space     used 936K, committed 1024K, reserved 1048576K

Usage:
  Non-class:      6.68 MB used.
      Class:    936.86 KB used.
       Both:      7.60 MB used.

Virtual space:
  Non-class space:       64.00 MB reserved,       6.75 MB ( 11%) committed,  1 nodes.
      Class space:        1.00 GB reserved,       1.00 MB ( <1%) committed,  1 nodes.
             Both:        1.06 GB reserved,       7.75 MB ( <1%) committed. 

Chunk freelists:
   Non-Class:  7.56 MB
       Class:  15.01 MB
        Both:  22.58 MB

MaxMetaspaceSize: unlimited
CompressedClassSpaceSize: 1.00 GB
Initial GC threshold: 21.00 MB
Current GC threshold: 21.00 MB
CDS: on
 - commit_granule_bytes: 65536.
 - commit_granule_words: 8192.
 - virtual_space_node_default_size: 8388608.
 - enlarge_chunks_in_place: 1.
UseCompressedClassPointers 1, UseCompactObjectHeaders 0
Narrow klass pointer bits 32, Max shift 3
Narrow klass base: 0x000000000a000000, Narrow klass shift: 0
Encoding Range: [0x000000000a000000 - 0x000000010a000000), (4294967296 bytes)
Klass Range:    [0x000000000a010000 - 0x000000004b000000), (1090453504 bytes)
Klass ID Range:  [65536 - 1090519033) (1090453497)
Protection zone: [0x000000000a000000 - 0x000000000a010000), (65536 bytes)


Internal statistics:

num_allocs_failed_limit: 0.
num_arena_births: 60.
num_arena_deaths: 0.
num_vsnodes_births: 2.
num_vsnodes_deaths: 0.
num_space_committed: 124.
num_space_uncommitted: 0.
num_chunks_returned_to_freelist: 0.
num_chunks_taken_from_freelist: 306.
num_chunk_merges: 0.
num_chunk_splits: 201.
num_chunks_enlarged: 168.
num_inconsistent_stats: 0.

CodeHeap 'non-profiled nmethods': size=120128Kb used=542Kb max_used=542Kb free=119586Kb
 bounds [0x00000186396a0000, 0x0000018639910000, 0x0000018640bf0000]
CodeHeap 'profiled nmethods': size=120000Kb used=2632Kb max_used=2632Kb free=117368Kb
 bounds [0x0000018631bf0000, 0x0000018631e90000, 0x0000018639120000]
CodeHeap 'non-nmethods': size=5632Kb used=1360Kb max_used=1387Kb free=4271Kb
 bounds [0x0000018639120000, 0x0000018639390000, 0x00000186396a0000]
CodeCache: size=245760Kb, used=4534Kb, max_used=4561Kb, free=241225Kb
 total_blobs=2241, nmethods=1757, adapters=387, full_count=0
Compilation: enabled, stopped_count=0, restarted_count=0

Compilation events (20 events):
Event: 55.062 Thread 0x0000018643e33c70 1750       3       java.util.ArrayList::toArray (57 bytes)
Event: 55.063 Thread 0x0000018643e33c70 nmethod 1750 0x0000018631e7d908 code [0x0000018631e7da00, 0x0000018631e7dfa8]
Event: 55.082 Thread 0x0000018643e33c70 1751       3       java.lang.classfile.constantpool.MemberRefEntry::type (12 bytes)
Event: 55.083 Thread 0x0000018643e33c70 nmethod 1751 0x0000018631e7e008 code [0x0000018631e7e100, 0x0000018631e7e618]
Event: 55.097 Thread 0x0000018643e33c70 1752       3       jdk.internal.classfile.impl.AbstractPseudoInstruction$ExceptionCatchImpl::<init> (44 bytes)
Event: 55.097 Thread 0x0000018643e33c70 nmethod 1752 0x0000018631e7e688 code [0x0000018631e7e780, 0x0000018631e7f1a0]
Event: 55.125 Thread 0x0000018643e33c70 1753       3       jdk.internal.classfile.impl.AbstractPseudoInstruction$ExceptionCatchImpl::writeTo (6 bytes)
Event: 55.125 Thread 0x0000018643e33c70 nmethod 1753 0x0000018631e7f208 code [0x0000018631e7f300, 0x0000018631e7f4c8]
Event: 55.125 Thread 0x0000018643e33c70 1754       3       jdk.internal.classfile.impl.DirectCodeBuilder::addHandler (79 bytes)
Event: 55.127 Thread 0x0000018643e33c70 nmethod 1754 0x0000018631e7f508 code [0x0000018631e7f600, 0x0000018631e80570]
Event: 55.150 Thread 0x0000018643e33c70 1755       3       jdk.internal.classfile.impl.AbstractPoolEntry$Utf8EntryImpl::length (19 bytes)
Event: 55.151 Thread 0x0000018643e33c70 nmethod 1755 0x0000018631e80588 code [0x0000018631e80680, 0x0000018631e80808]
Event: 55.197 Thread 0x0000018643e33c70 1756       3       jdk.internal.classfile.impl.AbstractAttributeMapper::writeAttribute (48 bytes)
Event: 55.198 Thread 0x0000018643e33c70 nmethod 1756 0x0000018631e80888 code [0x0000018631e80980, 0x0000018631e814f0]
Event: 55.771 Thread 0x0000018643e33c70 1757       3       jdk.internal.classfile.impl.BufWriterImpl::writeIndexOrZero (10 bytes)
Event: 55.772 Thread 0x0000018643e33c70 nmethod 1757 0x0000018631e81508 code [0x0000018631e81600, 0x0000018631e81c78]
Event: 55.855 Thread 0x0000018643e33c70 1758       3       jdk.internal.classfile.impl.RawBytecodeHelper::getIndexU1 (11 bytes)
Event: 55.856 Thread 0x0000018643e33c70 nmethod 1758 0x0000018631e81c88 code [0x0000018631e81d80, 0x0000018631e81ff8]
Event: 55.862 Thread 0x0000018643e33c70 1759       3       jdk.internal.classfile.impl.StackCounter::<init> (2420 bytes)
Event: 55.878 Thread 0x0000018643db7310 1762   !   4       java.util.jar.JarFile::checkForSpecialAttributes (163 bytes)

GC Heap Usage History (4 events):
Event: 32.585 {heap Before GC invocations=0 (full 0):
 garbage-first heap   total reserved 958464K, committed 63488K, used 14483K [0x00000000c5800000, 0x0000000100000000)
  region size 1024K, 14 young (14336K), 0 survivors (0K)
}
Event: 33.200 {heap After GC invocations=1 (full 0):
 garbage-first heap   total reserved 958464K, committed 63488K, used 3880K [0x00000000c5800000, 0x0000000100000000)
  region size 1024K, 2 young (2048K), 2 survivors (2048K)
}
Event: 53.917 {heap Before GC invocations=1 (full 0):
 garbage-first heap   total reserved 958464K, committed 63488K, used 28456K [0x00000000c5800000, 0x0000000100000000)
  region size 1024K, 26 young (26624K), 2 survivors (2048K)
}
Event: 53.936 {heap After GC invocations=2 (full 0):
 garbage-first heap   total reserved 958464K, committed 63488K, used 5073K [0x00000000c5800000, 0x0000000100000000)
  region size 1024K, 4 young (4096K), 4 survivors (4096K)
}

Metaspace Usage History (4 events):
Event: 32.586 {metaspace Before GC invocations=0 (full 0):
 Metaspace       used 4343K, committed 4544K, reserved 1114112K
  class space    used 487K, committed 576K, reserved 1048576K
}
Event: 33.200 {metaspace After GC invocations=1 (full 0):
 Metaspace       used 4343K, committed 4544K, reserved 1114112K
  class space    used 487K, committed 576K, reserved 1048576K
}
Event: 53.918 {metaspace Before GC invocations=1 (full 0):
 Metaspace       used 7225K, committed 7424K, reserved 1114112K
  class space    used 879K, committed 960K, reserved 1048576K
}
Event: 53.936 {metaspace After GC invocations=2 (full 0):
 Metaspace       used 7225K, committed 7424K, reserved 1114112K
  class space    used 879K, committed 960K, reserved 1048576K
}

Dll operation events (7 events):
Event: 0.072 Loaded shared library C:\Program Files\Apache NetBeans\jdk\bin\java.dll
Event: 0.317 Loaded shared library C:\Program Files\Apache NetBeans\jdk\bin\net.dll
Event: 0.358 Loaded shared library C:\Program Files\Apache NetBeans\jdk\bin\nio.dll
Event: 1.005 Loaded shared library C:\Program Files\Apache NetBeans\jdk\bin\zip.dll
Event: 11.050 Loaded shared library C:\Program Files\Apache NetBeans\java\maven\lib\jansi-native\Windows\x86_64\jansi.dll
Event: 11.145 Loaded shared library C:\Program Files\Apache NetBeans\jdk\bin\verify.dll
Event: 14.137 Loaded shared library C:\Program Files\Apache NetBeans\jdk\bin\jimage.dll

Deoptimization events (20 events):
Event: 50.972 Thread 0x0000018626d14c30 DEOPT PACKING pc=0x00000186397133f8 sp=0x0000004e76cfd9f0
Event: 50.972 Thread 0x0000018626d14c30 DEOPT UNPACKING pc=0x00000186391a857c sp=0x0000004e76cfd968 mode 2
Event: 50.972 Thread 0x0000018626d14c30 Uncommon trap: trap_request=0xffffffde fr.pc=0x00000186397133f8 relative=0x00000000000000f8
Event: 50.972 Thread 0x0000018626d14c30 Uncommon trap: reason=class_check action=maybe_recompile pc=0x00000186397133f8 method=jdk.internal.misc.Unsafe.allocateUninitializedArray(Ljava/lang/Class;I)Ljava/lang/Object; @ 51 c2
Event: 50.972 Thread 0x0000018626d14c30 DEOPT PACKING pc=0x00000186397133f8 sp=0x0000004e76cfdaa0
Event: 50.972 Thread 0x0000018626d14c30 DEOPT UNPACKING pc=0x00000186391a857c sp=0x0000004e76cfda18 mode 2
Event: 51.164 Thread 0x0000018626d14c30 Uncommon trap: trap_request=0xffffff45 fr.pc=0x0000018639711848 relative=0x00000000000005c8
Event: 51.164 Thread 0x0000018626d14c30 Uncommon trap: reason=unstable_if action=reinterpret pc=0x0000018639711848 method=java.lang.String.<init>([CIILjava/lang/Void;)V @ 5 c2
Event: 51.164 Thread 0x0000018626d14c30 DEOPT PACKING pc=0x0000018639711848 sp=0x0000004e76cfdd70
Event: 51.164 Thread 0x0000018626d14c30 DEOPT UNPACKING pc=0x00000186391a857c sp=0x0000004e76cfdbf0 mode 2
Event: 51.656 Thread 0x0000018626d14c30 DEOPT PACKING pc=0x0000018631dc2060 sp=0x0000004e76cfdf40
Event: 51.656 Thread 0x0000018626d14c30 DEOPT UNPACKING pc=0x0000018639171063 sp=0x0000004e76cfd3b0 mode 0
Event: 53.969 Thread 0x0000018626d14c30 Uncommon trap: trap_request=0xffffff45 fr.pc=0x00000186396e06e0 relative=0x0000000000000060
Event: 53.969 Thread 0x0000018626d14c30 Uncommon trap: reason=unstable_if action=reinterpret pc=0x00000186396e06e0 method=java.lang.ref.ReferenceQueue.poll()Ljava/lang/ref/Reference; @ 4 c2
Event: 53.969 Thread 0x0000018626d14c30 DEOPT PACKING pc=0x00000186396e06e0 sp=0x0000004e76cfd620
Event: 53.970 Thread 0x0000018626d14c30 DEOPT UNPACKING pc=0x00000186391a857c sp=0x0000004e76cfd530 mode 2
Event: 53.970 Thread 0x0000018626d14c30 Uncommon trap: trap_request=0xffffff45 fr.pc=0x00000186396d4bd8 relative=0x0000000000000058
Event: 53.970 Thread 0x0000018626d14c30 Uncommon trap: reason=unstable_if action=reinterpret pc=0x00000186396d4bd8 method=java.lang.ref.ReferenceQueue.poll()Ljava/lang/ref/Reference; @ 4 c2
Event: 53.970 Thread 0x0000018626d14c30 DEOPT PACKING pc=0x00000186396d4bd8 sp=0x0000004e76cfd5b0
Event: 53.970 Thread 0x0000018626d14c30 DEOPT UNPACKING pc=0x00000186391a857c sp=0x0000004e76cfd530 mode 2

Classes loaded (20 events):
Event: 43.425 Loading class sun/reflect/generics/reflectiveObjects/TypeVariableImpl
Event: 43.425 Loading class sun/reflect/generics/reflectiveObjects/LazyReflectiveObjectGenerator
Event: 43.425 Loading class sun/reflect/generics/reflectiveObjects/LazyReflectiveObjectGenerator done
Event: 43.425 Loading class sun/reflect/generics/reflectiveObjects/TypeVariableImpl done
Event: 43.425 Loading class sun/reflect/generics/reflectiveObjects/ParameterizedTypeImpl
Event: 43.425 Loading class sun/reflect/generics/reflectiveObjects/ParameterizedTypeImpl done
Event: 52.396 Loading class java/lang/Deprecated
Event: 52.396 Loading class java/lang/Deprecated done
Event: 53.740 Loading class java/lang/invoke/MethodHandle$1
Event: 53.740 Loading class java/lang/invoke/MethodHandle$1 done
Event: 53.944 Loading class sun/reflect/generics/tree/BottomSignature
Event: 53.944 Loading class sun/reflect/generics/tree/BottomSignature done
Event: 53.944 Loading class sun/reflect/generics/tree/Wildcard
Event: 53.944 Loading class sun/reflect/generics/tree/Wildcard done
Event: 53.945 Loading class sun/reflect/generics/reflectiveObjects/WildcardTypeImpl
Event: 53.946 Loading class sun/reflect/generics/reflectiveObjects/WildcardTypeImpl done
Event: 53.946 Loading class sun/reflect/annotation/AnnotatedTypeFactory$AnnotatedParameterizedTypeImpl
Event: 53.946 Loading class java/lang/reflect/AnnotatedParameterizedType
Event: 53.946 Loading class java/lang/reflect/AnnotatedParameterizedType done
Event: 53.947 Loading class sun/reflect/annotation/AnnotatedTypeFactory$AnnotatedParameterizedTypeImpl done

Classes unloaded (0 events):
No events

Classes redefined (0 events):
No events

Internal exceptions (20 events):
Event: 11.111 Thread 0x0000018626d14c30 Exception <a 'java/lang/NullPointerException'{0x00000000c8f5b260}> (0x00000000c8f5b260) 
thrown [s\src\hotspot\share\interpreter\linkResolver.cpp, line 1416]
Event: 11.133 Thread 0x0000018626d14c30 Exception <a 'sun/nio/fs/WindowsException'{0x00000000c8f7c950}> (0x00000000c8f7c950) 
thrown [s\src\hotspot\share\prims\jni.cpp, line 516]
Event: 11.133 Thread 0x0000018626d14c30 Exception <a 'sun/nio/fs/WindowsException'{0x00000000c8f7cfc8}> (0x00000000c8f7cfc8) 
thrown [s\src\hotspot\share\prims\jni.cpp, line 516]
Event: 11.134 Thread 0x0000018626d14c30 Exception <a 'sun/nio/fs/WindowsException'{0x00000000c8f7d5a8}> (0x00000000c8f7d5a8) 
thrown [s\src\hotspot\share\prims\jni.cpp, line 516]
Event: 11.134 Thread 0x0000018626d14c30 Exception <a 'sun/nio/fs/WindowsException'{0x00000000c8f7db08}> (0x00000000c8f7db08) 
thrown [s\src\hotspot\share\prims\jni.cpp, line 516]
Event: 11.134 Thread 0x0000018626d14c30 Exception <a 'sun/nio/fs/WindowsException'{0x00000000c8f7dff8}> (0x00000000c8f7dff8) 
thrown [s\src\hotspot\share\prims\jni.cpp, line 516]
Event: 11.134 Thread 0x0000018626d14c30 Exception <a 'sun/nio/fs/WindowsException'{0x00000000c8f7e4a0}> (0x00000000c8f7e4a0) 
thrown [s\src\hotspot\share\prims\jni.cpp, line 516]
Event: 12.005 Thread 0x0000018626d14c30 Exception <a 'java/lang/NoSuchMethodError'{0x00000000c8fb7440}: 'void java.lang.invoke.DirectMethodHandle$Holder.invokeVirtual(java.lang.Object, java.lang.Object)'> (0x00000000c8fb7440) 
thrown [s\src\hotspot\share\interpreter\linkResolver.cpp, line 804]
Event: 12.027 Thread 0x0000018626d14c30 Exception <a 'java/lang/NoSuchMethodError'{0x00000000c8fd8738}: 'void java.lang.invoke.DirectMethodHandle$Holder.invokeStatic(java.lang.Object, java.lang.Object)'> (0x00000000c8fd8738) 
thrown [s\src\hotspot\share\interpreter\linkResolver.cpp, line 804]
Event: 12.090 Thread 0x0000018626d14c30 Exception <a 'java/lang/NoSuchMethodError'{0x00000000c8fe07d0}: 'void java.lang.invoke.DirectMethodHandle$Holder.invokeStaticInit(java.lang.Object, java.lang.Object)'> (0x00000000c8fe07d0) 
thrown [s\src\hotspot\share\interpreter\linkResolver.cpp, line 804]
Event: 13.570 Thread 0x0000018626d14c30 Exception <a 'java/lang/NoSuchMethodError'{0x00000000c8e1bf08}: 'void java.lang.invoke.DirectMethodHandle$Holder.invokeSpecial(java.lang.Object, java.lang.Object, java.lang.Object, java.lang.Object, java.lang.Object)'> (0x00000000c8e1bf08) 
thrown [s\src\hotspot\share\interpreter\linkResolver.cpp, line 804]
Event: 13.609 Thread 0x0000018626d14c30 Exception <a 'java/lang/NoSuchMethodError'{0x00000000c8e58650}: 'void java.lang.invoke.DirectMethodHandle$Holder.invokeStatic(java.lang.Object, java.lang.Object, java.lang.Object)'> (0x00000000c8e58650) 
thrown [s\src\hotspot\share\interpreter\linkResolver.cpp, line 804]
Event: 19.103 Thread 0x0000018626d14c30 Exception <a 'java/lang/NoSuchMethodError'{0x00000000c8c1ea20}: 'java.lang.Object java.lang.invoke.DirectMethodHandle$Holder.invokeSpecialIFC(java.lang.Object, java.lang.Object, java.lang.Object, java.lang.Object)'> (0x00000000c8c1ea20) 
thrown [s\src\hotspot\share\interpreter\linkResolver.cpp, line 804]
Event: 29.301 Thread 0x0000018626d14c30 Exception <a 'java/lang/NoSuchMethodError'{0x00000000c870ff08}: 'void java.lang.invoke.DirectMethodHandle$Holder.invokeSpecial(java.lang.Object, java.lang.Object, java.lang.Object)'> (0x00000000c870ff08) 
thrown [s\src\hotspot\share\interpreter\linkResolver.cpp, line 804]
Event: 31.577 Thread 0x0000018626d14c30 Exception <a 'java/lang/NoSuchMethodError'{0x00000000c862b9d0}: 'java.lang.Object java.lang.invoke.DirectMethodHandle$Holder.invokeInterface(java.lang.Object, java.lang.Object)'> (0x00000000c862b9d0) 
thrown [s\src\hotspot\share\interpreter\linkResolver.cpp, line 804]
Event: 32.570 Thread 0x0000018626d14c30 Exception <a 'java/lang/NoSuchMethodError'{0x00000000c86d6820}: 'int java.lang.invoke.DirectMethodHandle$Holder.invokeStatic(java.lang.Object, java.lang.Object, java.lang.Object, java.lang.Object)'> (0x00000000c86d6820) 
thrown [s\src\hotspot\share\interpreter\linkResolver.cpp, line 804]
Event: 33.200 Thread 0x0000018626d14c30 Exception <a 'java/lang/NoSuchMethodError'{0x00000000c9300c48}: 'int java.lang.invoke.DirectMethodHandle$Holder.invokeSpecialIFC(java.lang.Object, java.lang.Object, java.lang.Object, java.lang.Object, java.lang.Object)'> (0x00000000c9300c48) 
thrown [s\src\hotspot\share\interpreter\linkResolver.cpp, line 804]
Event: 35.578 Thread 0x0000018626d14c30 Exception <a 'java/lang/NoSuchMethodError'{0x00000000c92ce840}: 'java.lang.Object java.lang.invoke.DirectMethodHandle$Holder.newInvokeSpecial(java.lang.Object, java.lang.Object, java.lang.Object, java.lang.Object, java.lang.Object)'> (0x00000000c92ce840) 
thrown [s\src\hotspot\share\interpreter\linkResolver.cpp, line 804]
Event: 36.740 Thread 0x0000018626d14c30 Exception <a 'java/lang/NoSuchMethodError'{0x00000000c91e7e88}: 'int java.lang.invoke.DirectMethodHandle$Holder.invokeStaticInit(java.lang.Object, java.lang.Object)'> (0x00000000c91e7e88) 
thrown [s\src\hotspot\share\interpreter\linkResolver.cpp, line 804]
Event: 38.820 Thread 0x0000018626d14c30 Exception <a 'java/lang/NoClassDefFoundError'{0x00000000c9022b38}: javax/enterprise/inject/Typed> (0x00000000c9022b38) 
thrown [s\src\hotspot\share\classfile\systemDictionary.cpp, line 316]

VM Operations (10 events):
Event: 1.008 Executing non-safepoint VM operation: HandshakeAllThreads (Deoptimize)
Event: 1.008 Executing non-safepoint VM operation: HandshakeAllThreads (Deoptimize) done
Event: 10.376 Executing non-safepoint VM operation: HandshakeAllThreads (Deoptimize)
Event: 10.376 Executing non-safepoint VM operation: HandshakeAllThreads (Deoptimize) done
Event: 14.321 Executing non-safepoint VM operation: HandshakeAllThreads (Deoptimize)
Event: 15.671 Executing non-safepoint VM operation: HandshakeAllThreads (Deoptimize) done
Event: 32.585 Executing safepoint VM operation: G1CollectForAllocation (G1 Evacuation Pause)
Event: 33.200 Executing safepoint VM operation: G1CollectForAllocation (G1 Evacuation Pause) done
Event: 53.917 Executing safepoint VM operation: G1CollectForAllocation (G1 Evacuation Pause)
Event: 53.936 Executing safepoint VM operation: G1CollectForAllocation (G1 Evacuation Pause) done

Memory protections (0 events):
No events

Nmethod flushes (0 events):
No events

Events (13 events):
Event: 0.125 Thread 0x0000018626d14c30 Thread added: 0x0000018626d14c30
Event: 0.168 Thread 0x0000018626d14c30 Thread added: 0x0000018643dab630
Event: 0.170 Thread 0x0000018626d14c30 Thread added: 0x0000018643db0900
Event: 0.176 Thread 0x0000018626d14c30 Thread added: 0x0000018643db30d0
Event: 0.177 Thread 0x0000018626d14c30 Thread added: 0x0000018643db4ca0
Event: 0.177 Thread 0x0000018626d14c30 Thread added: 0x0000018643db5860
Event: 0.177 Thread 0x0000018626d14c30 Thread added: 0x0000018643db6420
Event: 0.178 Thread 0x0000018626d14c30 Thread added: 0x0000018643db7310
Event: 0.189 Thread 0x0000018626d14c30 Thread added: 0x0000018643e33c70
Event: 0.255 Thread 0x0000018626d14c30 Thread added: 0x0000018648036940
Event: 0.268 Thread 0x0000018626d14c30 Thread added: 0x000001864803b560
Event: 10.572 Thread 0x0000018626d14c30 Thread added: 0x00000186480c5b80
Event: 15.769 Thread 0x00000186480c5b80 Thread exited: 0x00000186480c5b80


Dynamic libraries:
0x00007ff7f5ed0000 - 0x00007ff7f5ede000 	C:\Program Files\Apache NetBeans\jdk\bin\java.exe
0x00007ff968e80000 - 0x00007ff9690e7000 	C:\WINDOWS\SYSTEM32\ntdll.dll
0x00007ff942540000 - 0x00007ff942561000 	C:\Program Files\AVG\Antivirus\aswhook.dll
0x00007ff967a60000 - 0x00007ff967b29000 	C:\WINDOWS\System32\KERNEL32.DLL
0x00007ff966460000 - 0x00007ff966857000 	C:\WINDOWS\System32\KERNELBASE.dll
0x00007ff966860000 - 0x00007ff9669ab000 	C:\WINDOWS\System32\ucrtbase.dll
0x00007ff939100000 - 0x00007ff939116000 	C:\Program Files\Apache NetBeans\jdk\bin\jli.dll
0x00007ff9683f0000 - 0x00007ff9685b6000 	C:\WINDOWS\System32\USER32.dll
0x00007ff9669b0000 - 0x00007ff9669d7000 	C:\WINDOWS\System32\win32u.dll
0x00007ff967a30000 - 0x00007ff967a5b000 	C:\WINDOWS\System32\GDI32.dll
0x00007ff9658b0000 - 0x00007ff9659dc000 	C:\WINDOWS\System32\gdi32full.dll
0x00007ff966a90000 - 0x00007ff966b33000 	C:\WINDOWS\System32\msvcp_win.dll
0x00007ff957b80000 - 0x00007ff957b9e000 	C:\Program Files\Apache NetBeans\jdk\bin\VCRUNTIME140.dll
0x00007ff953d30000 - 0x00007ff953fc2000 	C:\WINDOWS\WinSxS\amd64_microsoft.windows.common-controls_6595b64144ccf1df_6.0.26100.8328_none_3e08182ce334b678\COMCTL32.dll
0x00007ff966ce0000 - 0x00007ff966d89000 	C:\WINDOWS\System32\msvcrt.dll
0x00007ff967000000 - 0x00007ff967032000 	C:\WINDOWS\System32\IMM32.DLL
0x00007ff957b70000 - 0x00007ff957b7c000 	C:\Program Files\Apache NetBeans\jdk\bin\vcruntime140_1.dll
0x00007ff8e2d20000 - 0x00007ff8e2dad000 	C:\Program Files\Apache NetBeans\jdk\bin\msvcp140.dll
0x00007ff8e0f50000 - 0x00007ff8e1e76000 	C:\Program Files\Apache NetBeans\jdk\bin\server\jvm.dll
0x00007ff9685e0000 - 0x00007ff968696000 	C:\WINDOWS\System32\ADVAPI32.dll
0x00007ff966c00000 - 0x00007ff966ca7000 	C:\WINDOWS\System32\sechost.dll
0x00007ff968700000 - 0x00007ff968818000 	C:\WINDOWS\System32\RPCRT4.dll
0x00007ff968050000 - 0x00007ff9680d0000 	C:\WINDOWS\System32\WS2_32.dll
0x00007ff965710000 - 0x00007ff96576e000 	C:\WINDOWS\SYSTEM32\POWRPROF.dll
0x00007ff939040000 - 0x00007ff939076000 	C:\WINDOWS\SYSTEM32\WINMM.dll
0x00007ff958be0000 - 0x00007ff958beb000 	C:\WINDOWS\SYSTEM32\VERSION.dll
0x00007ff9656f0000 - 0x00007ff965704000 	C:\WINDOWS\SYSTEM32\UMPDC.dll
0x00007ff964640000 - 0x00007ff96465b000 	C:\WINDOWS\SYSTEM32\kernel.appcore.dll
0x00007ff9525d0000 - 0x00007ff9525da000 	C:\Program Files\Apache NetBeans\jdk\bin\jimage.dll
0x00007ff9637a0000 - 0x00007ff9639e2000 	C:\WINDOWS\SYSTEM32\DBGHELP.DLL
0x00007ff968820000 - 0x00007ff968ba3000 	C:\WINDOWS\System32\combase.dll
0x00007ff9682f0000 - 0x00007ff9683c9000 	C:\WINDOWS\System32\OLEAUT32.dll
0x00007ff954360000 - 0x00007ff95439b000 	C:\WINDOWS\SYSTEM32\dbgcore.DLL
0x00007ff9669e0000 - 0x00007ff966a88000 	C:\WINDOWS\System32\bcryptPrimitives.dll
0x00007ff9394f0000 - 0x00007ff93950e000 	C:\Program Files\Apache NetBeans\jdk\bin\java.dll
0x00007ff968150000 - 0x00007ff9682e7000 	C:\WINDOWS\System32\ole32.dll
0x00007ff9670d0000 - 0x00007ff96783e000 	C:\WINDOWS\System32\SHELL32.dll
0x00007ff9659e0000 - 0x00007ff96624c000 	C:\WINDOWS\System32\windows.storage.dll
0x00007ff968bb0000 - 0x00007ff968ca6000 	C:\WINDOWS\System32\SHCORE.dll
0x00007ff9680e0000 - 0x00007ff968146000 	C:\WINDOWS\System32\shlwapi.dll
0x00007ff9657d0000 - 0x00007ff9657f9000 	C:\WINDOWS\SYSTEM32\profapi.dll
0x00007ff918930000 - 0x00007ff918941000 	C:\Program Files\Apache NetBeans\jdk\bin\net.dll
0x00007ff964bb0000 - 0x00007ff964c1c000 	C:\WINDOWS\system32\mswsock.dll
0x00007ff918910000 - 0x00007ff918926000 	C:\Program Files\Apache NetBeans\jdk\bin\nio.dll
0x00007ff918950000 - 0x00007ff918967000 	C:\Program Files\Apache NetBeans\jdk\bin\zip.dll
0x00007ff960a00000 - 0x00007ff960a24000 	C:\Program Files\Apache NetBeans\java\maven\lib\jansi-native\Windows\x86_64\jansi.dll
0x00007ff93cfc0000 - 0x00007ff93cfd0000 	C:\Program Files\Apache NetBeans\jdk\bin\verify.dll

JVMTI agents: none

dbghelp: loaded successfully - version: 4.0.5 - missing functions: none
symbol engine: initialized successfully - sym options: 0x614 - pdb path: .;C:\Program Files\Apache NetBeans\jdk\bin;C:\WINDOWS\SYSTEM32;C:\Program Files\AVG\Antivirus;C:\WINDOWS\WinSxS\amd64_microsoft.windows.common-controls_6595b64144ccf1df_6.0.26100.8328_none_3e08182ce334b678;C:\Program Files\Apache NetBeans\jdk\bin\server;C:\Program Files\Apache NetBeans\java\maven\lib\jansi-native\Windows\x86_64

VM Arguments:
jvm_args: --enable-native-access=ALL-UNNAMED -Dclassworlds.conf=C:\Program Files\Apache NetBeans\java\maven\bin\m2.conf -Dmaven.home=C:\Program Files\Apache NetBeans\java\maven -Dlibrary.jansi.path=C:\Program Files\Apache NetBeans\java\maven\lib\jansi-native -Dmaven.multiModuleProjectDirectory=C:\Users\HLELOLWENKOSI\Documents\NetBeansProjects\mavenproject1 
java_command: org.codehaus.plexus.classworlds.launcher.Launcher -Dexec.vmArgs= -Dexec.args=${exec.vmArgs} -classpath %classpath ${exec.mainClass} ${exec.appArgs} -Dexec.appArgs= -Dexec.mainClass=com.mycompany.mavenproject1.Mavenproject1 -Dexec.executable=C:\Program Files\Apache NetBeans\jdk\bin\java.exe -Dmaven.ext.class.path=C:\Program Files\Apache NetBeans\java\maven-nblib\netbeans-eventspy.jar --no-transfer-progress process-classes org.codehaus.mojo:exec-maven-plugin:3.5.1:exec
java_class_path (initial): C:\Program Files\Apache NetBeans\java\maven\boot\plexus-classworlds-2.9.0.jar
Launcher Type: SUN_STANDARD

[Global flags]
     intx CICompilerCount                          = 2                                         {product} {ergonomic}
     uint ConcGCThreads                            = 1                                         {product} {ergonomic}
     uint G1ConcRefinementThreads                  = 2                                         {product} {ergonomic}
   size_t G1HeapRegionSize                         = 1048576                                   {product} {ergonomic}
   size_t InitialHeapSize                          = 62914560                                  {product} {ergonomic}
   size_t MarkStackSize                            = 4194304                                   {product} {ergonomic}
   size_t MarkStackSizeMax                         = 536870912                                 {product} {ergonomic}
   size_t MaxHeapSize                              = 981467136                                 {product} {ergonomic}
   size_t MaxNewSize                               = 588251136                                 {product} {ergonomic}
   size_t MinHeapDeltaBytes                        = 1048576                                   {product} {ergonomic}
   size_t MinHeapSize                              = 8388608                                   {product} {ergonomic}
    uintx NonNMethodCodeHeapSize                   = 5767168                                {pd product} {ergonomic}
    uintx NonProfiledCodeHeapSize                  = 123011072                              {pd product} {ergonomic}
    uintx ProfiledCodeHeapSize                     = 122880000                              {pd product} {ergonomic}
    uintx ReservedCodeCacheSize                    = 251658240                              {pd product} {ergonomic}
     bool SegmentedCodeCache                       = true                                      {product} {ergonomic}
   size_t SoftMaxHeapSize                          = 981467136                              {manageable} {ergonomic}
     bool UseCompressedOops                        = true                           {product lp64_product} {ergonomic}
     bool UseG1GC                                  = true                                      {product} {ergonomic}
     bool UseLargePagesIndividualAllocation        = false                                  {pd product} {ergonomic}

Logging:
Log output configuration:
 #0: stdout all=warning uptime,level,tags foldmultilines=false
 #1: stderr all=off uptime,level,tags foldmultilines=false

Release file:
IMPLEMENTOR="Eclipse Adoptium" 
IMPLEMENTOR_VERSION="Temurin-25.0.2+10" 
JAVA_RUNTIME_VERSION="25.0.2+10-LTS" 
JAVA_VERSION="25.0.2" 
JAVA_VERSION_DATE="2026-01-20" 
LIBC="default" 
MODULES="java.base java.compiler java.datatransfer java.xml java.prefs java.desktop java.instrument java.logging java.management java.security.sasl java.naming java.rmi java.management.rmi java.net.http java.scripting java.security.jgss java.transaction.xa java.sql java.sql.rowset java.xml.crypto java.se java.smartcardio jdk.accessibility jdk.internal.jvmstat jdk.attach jdk.charsets jdk.internal.opt jdk.zipfs jdk.compiler jdk.crypto.cryptoki jdk.crypto.ec jdk.crypto.mscapi jdk.dynalink jdk.internal.ed jdk.editpad jdk.internal.vm.ci jdk.graal.compiler jdk.graal.compiler.management jdk.hotspot.agent jdk.httpserver jdk.incubator.vector jdk.internal.le jdk.internal.md jdk.jartool jdk.javadoc jdk.jcmd jdk.management jdk.management.agent jdk.jconsole jdk.jdeps jdk.jdwp.agent jdk.jdi jdk.jfr jdk.jlink jdk.jpackage jdk.jshell jdk.jsobject jdk.jstatd jdk.localedata jdk.management.jfr jdk.naming.dns jdk.naming.rmi jdk.net jdk.nio.mapmode jdk.sctp jdk.security.auth jdk.security.jgss jdk.unsupported jdk.unsupported.desktop jdk.xml.dom" 
OS_ARCH="x86_64" 
OS_NAME="Windows" 
SOURCE=".:git:9e3c947043a4" 
BUILD_SOURCE="git:458965074606f027bd5afce2cfd5c1055dea0438"
BUILD_SOURCE_REPO="https://github.com/adoptium/temurin-build.git"
SOURCE_REPO="https://github.com/adoptium/jdk25u.git"
FULL_VERSION="25.0.2+10-LTS"
SEMANTIC_VERSION="25.0.2+10"
BUILD_INFO="OS: Windows Server 2022 Version: 10.0"
JVM_VARIANT="Hotspot"
JVM_VERSION="25.0.2+10-LTS"
IMAGE_TYPE="JDK"

Environment Variables:
JAVA_HOME=C:\Program Files\Apache NetBeans\jdk
PATH=C:\WINDOWS\system32;C:\WINDOWS;C:\WINDOWS\System32\Wbem;C:\WINDOWS\System32\WindowsPowerShell\v1.0\;C:\WINDOWS\System32\OpenSSH\;C:\Users\HLELOLWENKOSI\AppData\Local\Microsoft\WindowsApps;;C:\Program Files\Apache NetBeans\bin\
USERNAME=HLELOLWENKOSI
OS=Windows_NT
PROCESSOR_IDENTIFIER=Intel64 Family 6 Model 122 Stepping 8, GenuineIntel
TMP=C:\Users\HLELOL~1\AppData\Local\Temp
TEMP=C:\Users\HLELOL~1\AppData\Local\Temp




Compilation memory statistics disabled.

Periodic native trim disabled

---------------  S Y S T E M  ---------------

OS:
 Windows 11 , 64 bit Build 26100 (10.0.26100.8328)
OS uptime: 0 days 0:20 hours

CPU: total 2 (initial active 2) (2 cores per cpu, 1 threads per core) family 6 model 122 stepping 8 microcode 0x20, cx8, cmov, fxsr, mmx, 3dnowpref, sse, sse2, sse3, ssse3, sse4.1, sse4.2, popcnt, tsc, tscinvbit, aes, erms, clmul, sha, clflush, clflushopt, rdtscp, rdpid
Processor Information for the first 2 processors :
  Max Mhz: 1101, Current Mhz: 1101, Mhz Limit: 1101

Memory: 4k page, system-wide physical 3737M (196M free)
TotalPageFile size 10039M (AvailPageFile size 4M)
current process WorkingSet (physical memory assigned to process): 65M, peak: 69M
current process commit charge ("private bytes"): 147M, peak: 151M

vm_info: OpenJDK 64-Bit Server VM (25.0.2+10-LTS) for windows-amd64 JRE (25.0.2+10-LTS), built on 2026-01-20T00:00:00Z with MS VC++ 17.12 (VS2022)

END.
